+ PROJECT=mu61
+ VENV_ROOT=/scratch/mu61/yl8164/qcrl_envs
+ PROJECT_DIR=/scratch/mu61/yl8164/quantum_control_rl_server
+ LOG_DIR=/scratch/mu61/yl8164/quantum_control_rl_server/logs
+ PY_MOD=python3/3.11.7
+ CUDA_MOD=cuda/12.2.2
+ CUDNN_MOD=cudnn/8.9.7-cuda12
+ module purge
+ unset _mlshdbg
+ '[' 0 = 1 ']'
+ unset _mlre _mlIFS
+ '[' -n x ']'
+ _mlIFS=' 	
'
+ IFS=' '
+ '[' -n '' ']'
++ /usr/bin/tclsh /opt/Modules/v4.3.0/libexec/modulecmd.tcl bash purge
+ eval
+ _mlstatus=0
+ '[' -n x ']'
+ IFS=' 	
'
+ unset _mlre _mlv _mlrv _mlIFS
+ '[' -n '' ']'
+ unset _mlshdbg
+ return 0
+ module load python3/3.11.7
+ unset _mlshdbg
+ '[' 0 = 1 ']'
+ unset _mlre _mlIFS
+ '[' -n x ']'
+ _mlIFS=' 	
'
+ IFS=' '
+ '[' -n '' ']'
++ /usr/bin/tclsh /opt/Modules/v4.3.0/libexec/modulecmd.tcl bash load python3/3.11.7
Loading python3/3.11.7
  Loading requirement: intel-mkl/2023.2.0
+ eval 'MODULES_LMPREREQ=python3/3.11.7\&intel-mkl/2023.2.0;' export 'MODULES_LMPREREQ;
PYTHON3_ROOT=/apps/python3/3.11.7;' export 'PYTHON3_ROOT;
LD_RUN_PATH=/apps/intel-ct/2023.2.0/mkl/lib/intel64:/apps/python3/3.11.7/lib;' export 'LD_RUN_PATH;
LD_LIBRARY_PATH=/apps/intel-ct/2023.2.0/mkl/lib/intel64:/apps/python3/3.11.7/lib;' export 'LD_LIBRARY_PATH;
CPLUS_INCLUDE_PATH_modshare=/apps/intel-ct/2023.2.0/mkl/include:1:/apps/python3/3.11.7/include/python3.11:1;' export 'CPLUS_INCLUDE_PATH_modshare;
CPATH=/apps/intel-ct/2023.2.0/mkl/include:/apps/python3/3.11.7/include/python3.11;' export 'CPATH;
INTEL_MKL_BASE=/apps/intel-ct/2023.2.0/mkl;' export 'INTEL_MKL_BASE;
MANPATH=/apps/python3/3.11.7/share/man:/opt/pbs/default/share/man:::/local/pbs/share/man;' export 'MANPATH;
LIBRARY_PATH=/apps/intel-ct/2023.2.0/mkl/lib/intel64:/apps/python3/3.11.7/lib;' export 'LIBRARY_PATH;
PYTHON3_VERSION=3.11.7;' export 'PYTHON3_VERSION;
_LMFILES_=/apps/Modules/modulefiles/intel-mkl/2023.2.0:/apps/Modules/modulefiles/python3/3.11.7;' export '_LMFILES_;
LOADEDMODULES=intel-mkl/2023.2.0:python3/3.11.7;' export 'LOADEDMODULES;
MODULES_LMCONFLICT=intel-mkl/2023.2.0\&intel-mkl\&o/ld_library_path\&o/yes-ld_library_path\&o/use-ld_library_path\&o/enable-ld_library_path\&o/with-ld_library_path\&o/no-ld_library_path\&o/not-ld_library_path\&o/disable-ld_library_path\&o/without-ld_library_path\&o/ld_run_path\&o/yes-ld_run_path\&o/use-ld_run_path\&o/enable-ld_run_path\&o/with-ld_run_path\&o/no-ld_run_path\&o/not-ld_run_path\&o/disable-ld_run_path\&o/without-ld_run_path\&o/show-debug\&o/yes-show-debug\&o/use-show-debug\&o/enable-show-debug\&o/with-show-debug\&o/no-show-debug\&o/not-show-debug\&o/disable-show-debug\&o/without-show-debug\&o/library_path\&o/yes-library_path\&o/use-library_path\&o/enable-library_path\&o/with-library_path\&o/no-library_path\&o/not-library_path\&o/disable-library_path\&o/without-library_path\&o/append-paths\&o/yes-append-paths\&o/use-append-paths\&o/enable-append-paths\&o/with-append-paths\&o/no-append-paths\&o/not-append-paths\&o/disable-append-paths\&o/without-append-paths\&o/packaged-envvars\&o/yes-packaged-envvars\&o/use-packaged-envvars\&o/enable-packaged-envvars\&o/with-packaged-envvars\&o/no-packaged-envvars\&o/not-packaged-envvars\&o/disable-packaged-envvars\&o/without-packaged-envvars:python3/3.11.7\&python3\&o/ld_library_path\&o/yes-ld_library_path\&o/use-ld_library_path\&o/enable-ld_library_path\&o/with-ld_library_path\&o/no-ld_library_path\&o/not-ld_library_path\&o/disable-ld_library_path\&o/without-ld_library_path\&o/ld_run_path\&o/yes-ld_run_path\&o/use-ld_run_path\&o/enable-ld_run_path\&o/with-ld_run_path\&o/no-ld_run_path\&o/not-ld_run_path\&o/disable-ld_run_path\&o/without-ld_run_path\&o/show-debug\&o/yes-show-debug\&o/use-show-debug\&o/enable-show-debug\&o/with-show-debug\&o/no-show-debug\&o/not-show-debug\&o/disable-show-debug\&o/without-show-debug\&o/append-paths\&o/yes-append-paths\&o/use-append-paths\&o/enable-append-paths\&o/with-append-paths\&o/no-append-paths\&o/not-append-paths\&o/disable-append-paths\&o/without-append-paths\&o/library_path\&o/yes-library_path\&o/use-library_path\&o/enable-library_path\&o/with-library_path\&o/no-library_path\&o/not-library_path\&o/disable-library_path\&o/without-library_path\&o/packaged-envvars\&o/yes-packaged-envvars\&o/use-packaged-envvars\&o/enable-packaged-envvars\&o/with-packaged-envvars\&o/no-packaged-envvars\&o/not-packaged-envvars\&o/disable-packaged-envvars\&o/without-packaged-envvars;' export 'MODULES_LMCONFLICT;
PKG_CONFIG_PATH=/apps/intel-ct/2023.2.0/mkl/lib/pkgconfig:/apps/python3/3.11.7/lib/pkgconfig:/half-root/usr/lib64/pkgconfig;' export 'PKG_CONFIG_PATH;
MANPATH_modshare=:1:/apps/python3/3.11.7/share/man:1:/opt/pbs/default/share/man:1:/local/pbs/share/man:1;' export 'MANPATH_modshare;
FPATH=/apps/intel-ct/2023.2.0/mkl/include:/apps/python3/3.11.7/include/python3.11:/opt/Modules/v4.3.0/init/ksh-functions;' export 'FPATH;
LIBRARY_PATH_modshare=/apps/intel-ct/2023.2.0/mkl/lib/intel64:1:/apps/python3/3.11.7/lib:1;' export 'LIBRARY_PATH_modshare;
NLSPATH_modshare=/apps/intel-ct/2023.2.0/mkl/lib/intel64/locale/%l_%t/%N:1;' export 'NLSPATH_modshare;
C_INCLUDE_PATH_modshare=/apps/intel-ct/2023.2.0/mkl/include:1:/apps/python3/3.11.7/include/python3.11:1;' export 'C_INCLUDE_PATH_modshare;
MODULES_LMCONFLICT_modshare=python3/3.11.7\&python3\&o/ld_library_path\&o/yes-ld_library_path\&o/use-ld_library_path\&o/enable-ld_library_path\&o/with-ld_library_path\&o/no-ld_library_path\&o/not-ld_library_path\&o/disable-ld_library_path\&o/without-ld_library_path\&o/ld_run_path\&o/yes-ld_run_path\&o/use-ld_run_path\&o/enable-ld_run_path\&o/with-ld_run_path\&o/no-ld_run_path\&o/not-ld_run_path\&o/disable-ld_run_path\&o/without-ld_run_path\&o/show-debug\&o/yes-show-debug\&o/use-show-debug\&o/enable-show-debug\&o/with-show-debug\&o/no-show-debug\&o/not-show-debug\&o/disable-show-debug\&o/without-show-debug\&o/append-paths\&o/yes-append-paths\&o/use-append-paths\&o/enable-append-paths\&o/with-append-paths\&o/no-append-paths\&o/not-append-paths\&o/disable-append-paths\&o/without-append-paths\&o/library_path\&o/yes-library_path\&o/use-library_path\&o/enable-library_path\&o/with-library_path\&o/no-library_path\&o/not-library_path\&o/disable-library_path\&o/without-library_path\&o/packaged-envvars\&o/yes-packaged-envvars\&o/use-packaged-envvars\&o/enable-packaged-envvars\&o/with-packaged-envvars\&o/no-packaged-envvars\&o/not-packaged-envvars\&o/disable-packaged-envvars\&o/without-packaged-envvars:1:intel-mkl/2023.2.0\&intel-mkl\&o/ld_library_path\&o/yes-ld_library_path\&o/use-ld_library_path\&o/enable-ld_library_path\&o/with-ld_library_path\&o/no-ld_library_path\&o/not-ld_library_path\&o/disable-ld_library_path\&o/without-ld_library_path\&o/ld_run_path\&o/yes-ld_run_path\&o/use-ld_run_path\&o/enable-ld_run_path\&o/with-ld_run_path\&o/no-ld_run_path\&o/not-ld_run_path\&o/disable-ld_run_path\&o/without-ld_run_path\&o/show-debug\&o/yes-show-debug\&o/use-show-debug\&o/enable-show-debug\&o/with-show-debug\&o/no-show-debug\&o/not-show-debug\&o/disable-show-debug\&o/without-show-debug\&o/library_path\&o/yes-library_path\&o/use-library_path\&o/enable-library_path\&o/with-library_path\&o/no-library_path\&o/not-library_path\&o/disable-library_path\&o/without-library_path\&o/append-paths\&o/yes-append-paths\&o/use-append-paths\&o/enable-append-paths\&o/with-append-paths\&o/no-append-paths\&o/not-append-paths\&o/disable-append-paths\&o/without-append-paths\&o/packaged-envvars\&o/yes-packaged-envvars\&o/use-packaged-envvars\&o/enable-packaged-envvars\&o/with-packaged-envvars\&o/no-packaged-envvars\&o/not-packaged-envvars\&o/disable-packaged-envvars\&o/without-packaged-envvars:1;' export 'MODULES_LMCONFLICT_modshare;
PKG_CONFIG_PATH_modshare=/apps/intel-ct/2023.2.0/mkl/lib/pkgconfig:1:/apps/python3/3.11.7/lib/pkgconfig:1:/half-root/usr/lib64/pkgconfig:1;' export 'PKG_CONFIG_PATH_modshare;
FPATH_modshare=/apps/intel-ct/2023.2.0/mkl/include:1:/opt/Modules/v4.3.0/init/ksh-functions:1:/apps/python3/3.11.7/include/python3.11:1;' export 'FPATH_modshare;
CPLUS_INCLUDE_PATH=/apps/intel-ct/2023.2.0/mkl/include:/apps/python3/3.11.7/include/python3.11;' export 'CPLUS_INCLUDE_PATH;
PYTHON3_BASE=/apps/python3/3.11.7;' export 'PYTHON3_BASE;
MODULES_LMNOTUASKED=intel-mkl/2023.2.0;' export 'MODULES_LMNOTUASKED;
MKLROOT=/apps/intel-ct/2023.2.0/mkl;' export 'MKLROOT;
MODULES_LMNOTUASKED_modshare=intel-mkl/2023.2.0:1;' export 'MODULES_LMNOTUASKED_modshare;
MODULES_LMPREREQ_modshare=python3/3.11.7\&intel-mkl/2023.2.0:1;' export 'MODULES_LMPREREQ_modshare;
INTEL_MKL_ROOT=/apps/intel-ct/2023.2.0/mkl;' export 'INTEL_MKL_ROOT;
NLSPATH=/apps/intel-ct/2023.2.0/mkl/lib/intel64/locale/%l_%t/%N;' export 'NLSPATH;
LD_RUN_PATH_modshare=/apps/intel-ct/2023.2.0/mkl/lib/intel64:1:/apps/python3/3.11.7/lib:1;' export 'LD_RUN_PATH_modshare;
LD_LIBRARY_PATH_modshare=/apps/intel-ct/2023.2.0/mkl/lib/intel64:1:/apps/python3/3.11.7/lib:1;' export 'LD_LIBRARY_PATH_modshare;
C_INCLUDE_PATH=/apps/intel-ct/2023.2.0/mkl/include:/apps/python3/3.11.7/include/python3.11;' export 'C_INCLUDE_PATH;
CPATH_modshare=/apps/intel-ct/2023.2.0/mkl/include:1:/apps/python3/3.11.7/include/python3.11:1;' export 'CPATH_modshare;
_LMFILES__modshare=/apps/Modules/modulefiles/python3/3.11.7:1:/apps/Modules/modulefiles/intel-mkl/2023.2.0:1;' export '_LMFILES__modshare;
LOADEDMODULES_modshare=python3/3.11.7:1:intel-mkl/2023.2.0:1;' export 'LOADEDMODULES_modshare;
INTEL_MKL_VERSION=2023.2.0;' export 'INTEL_MKL_VERSION;
PATH=/apps/python3/3.11.7/bin:/opt/pbs/default/bin:/opt/nci/bin:/opt/bin:/opt/Modules/v4.3.0/bin:/bin:/usr/bin:/usr/local/sbin:/usr/sbin:/local/pbs/bin;' export 'PATH;
PATH_modshare=/bin:1:/usr/sbin:1:/usr/bin:1:/apps/python3/3.11.7/bin:1:/opt/pbs/default/bin:1:/opt/bin:1:/opt/Modules/v4.3.0/bin:1:/usr/local/sbin:1:/local/pbs/bin:1:/opt/nci/bin:1;' export 'PATH_modshare;
test' '0;'
++ MODULES_LMPREREQ='python3/3.11.7&intel-mkl/2023.2.0'
++ export MODULES_LMPREREQ
++ PYTHON3_ROOT=/apps/python3/3.11.7
++ export PYTHON3_ROOT
++ LD_RUN_PATH=/apps/intel-ct/2023.2.0/mkl/lib/intel64:/apps/python3/3.11.7/lib
++ export LD_RUN_PATH
++ LD_LIBRARY_PATH=/apps/intel-ct/2023.2.0/mkl/lib/intel64:/apps/python3/3.11.7/lib
++ export LD_LIBRARY_PATH
++ CPLUS_INCLUDE_PATH_modshare=/apps/intel-ct/2023.2.0/mkl/include:1:/apps/python3/3.11.7/include/python3.11:1
++ export CPLUS_INCLUDE_PATH_modshare
++ CPATH=/apps/intel-ct/2023.2.0/mkl/include:/apps/python3/3.11.7/include/python3.11
++ export CPATH
++ INTEL_MKL_BASE=/apps/intel-ct/2023.2.0/mkl
++ export INTEL_MKL_BASE
++ MANPATH=/apps/python3/3.11.7/share/man:/opt/pbs/default/share/man:::/local/pbs/share/man
++ export MANPATH
++ LIBRARY_PATH=/apps/intel-ct/2023.2.0/mkl/lib/intel64:/apps/python3/3.11.7/lib
++ export LIBRARY_PATH
++ PYTHON3_VERSION=3.11.7
++ export PYTHON3_VERSION
++ _LMFILES_=/apps/Modules/modulefiles/intel-mkl/2023.2.0:/apps/Modules/modulefiles/python3/3.11.7
++ export _LMFILES_
++ LOADEDMODULES=intel-mkl/2023.2.0:python3/3.11.7
++ export LOADEDMODULES
++ MODULES_LMCONFLICT='intel-mkl/2023.2.0&intel-mkl&o/ld_library_path&o/yes-ld_library_path&o/use-ld_library_path&o/enable-ld_library_path&o/with-ld_library_path&o/no-ld_library_path&o/not-ld_library_path&o/disable-ld_library_path&o/without-ld_library_path&o/ld_run_path&o/yes-ld_run_path&o/use-ld_run_path&o/enable-ld_run_path&o/with-ld_run_path&o/no-ld_run_path&o/not-ld_run_path&o/disable-ld_run_path&o/without-ld_run_path&o/show-debug&o/yes-show-debug&o/use-show-debug&o/enable-show-debug&o/with-show-debug&o/no-show-debug&o/not-show-debug&o/disable-show-debug&o/without-show-debug&o/library_path&o/yes-library_path&o/use-library_path&o/enable-library_path&o/with-library_path&o/no-library_path&o/not-library_path&o/disable-library_path&o/without-library_path&o/append-paths&o/yes-append-paths&o/use-append-paths&o/enable-append-paths&o/with-append-paths&o/no-append-paths&o/not-append-paths&o/disable-append-paths&o/without-append-paths&o/packaged-envvars&o/yes-packaged-envvars&o/use-packaged-envvars&o/enable-packaged-envvars&o/with-packaged-envvars&o/no-packaged-envvars&o/not-packaged-envvars&o/disable-packaged-envvars&o/without-packaged-envvars:python3/3.11.7&python3&o/ld_library_path&o/yes-ld_library_path&o/use-ld_library_path&o/enable-ld_library_path&o/with-ld_library_path&o/no-ld_library_path&o/not-ld_library_path&o/disable-ld_library_path&o/without-ld_library_path&o/ld_run_path&o/yes-ld_run_path&o/use-ld_run_path&o/enable-ld_run_path&o/with-ld_run_path&o/no-ld_run_path&o/not-ld_run_path&o/disable-ld_run_path&o/without-ld_run_path&o/show-debug&o/yes-show-debug&o/use-show-debug&o/enable-show-debug&o/with-show-debug&o/no-show-debug&o/not-show-debug&o/disable-show-debug&o/without-show-debug&o/append-paths&o/yes-append-paths&o/use-append-paths&o/enable-append-paths&o/with-append-paths&o/no-append-paths&o/not-append-paths&o/disable-append-paths&o/without-append-paths&o/library_path&o/yes-library_path&o/use-library_path&o/enable-library_path&o/with-library_path&o/no-library_path&o/not-library_path&o/disable-library_path&o/without-library_path&o/packaged-envvars&o/yes-packaged-envvars&o/use-packaged-envvars&o/enable-packaged-envvars&o/with-packaged-envvars&o/no-packaged-envvars&o/not-packaged-envvars&o/disable-packaged-envvars&o/without-packaged-envvars'
++ export MODULES_LMCONFLICT
++ PKG_CONFIG_PATH=/apps/intel-ct/2023.2.0/mkl/lib/pkgconfig:/apps/python3/3.11.7/lib/pkgconfig:/half-root/usr/lib64/pkgconfig
++ export PKG_CONFIG_PATH
++ MANPATH_modshare=:1:/apps/python3/3.11.7/share/man:1:/opt/pbs/default/share/man:1:/local/pbs/share/man:1
++ export MANPATH_modshare
++ FPATH=/apps/intel-ct/2023.2.0/mkl/include:/apps/python3/3.11.7/include/python3.11:/opt/Modules/v4.3.0/init/ksh-functions
++ export FPATH
++ LIBRARY_PATH_modshare=/apps/intel-ct/2023.2.0/mkl/lib/intel64:1:/apps/python3/3.11.7/lib:1
++ export LIBRARY_PATH_modshare
++ NLSPATH_modshare=/apps/intel-ct/2023.2.0/mkl/lib/intel64/locale/%l_%t/%N:1
++ export NLSPATH_modshare
++ C_INCLUDE_PATH_modshare=/apps/intel-ct/2023.2.0/mkl/include:1:/apps/python3/3.11.7/include/python3.11:1
++ export C_INCLUDE_PATH_modshare
++ MODULES_LMCONFLICT_modshare='python3/3.11.7&python3&o/ld_library_path&o/yes-ld_library_path&o/use-ld_library_path&o/enable-ld_library_path&o/with-ld_library_path&o/no-ld_library_path&o/not-ld_library_path&o/disable-ld_library_path&o/without-ld_library_path&o/ld_run_path&o/yes-ld_run_path&o/use-ld_run_path&o/enable-ld_run_path&o/with-ld_run_path&o/no-ld_run_path&o/not-ld_run_path&o/disable-ld_run_path&o/without-ld_run_path&o/show-debug&o/yes-show-debug&o/use-show-debug&o/enable-show-debug&o/with-show-debug&o/no-show-debug&o/not-show-debug&o/disable-show-debug&o/without-show-debug&o/append-paths&o/yes-append-paths&o/use-append-paths&o/enable-append-paths&o/with-append-paths&o/no-append-paths&o/not-append-paths&o/disable-append-paths&o/without-append-paths&o/library_path&o/yes-library_path&o/use-library_path&o/enable-library_path&o/with-library_path&o/no-library_path&o/not-library_path&o/disable-library_path&o/without-library_path&o/packaged-envvars&o/yes-packaged-envvars&o/use-packaged-envvars&o/enable-packaged-envvars&o/with-packaged-envvars&o/no-packaged-envvars&o/not-packaged-envvars&o/disable-packaged-envvars&o/without-packaged-envvars:1:intel-mkl/2023.2.0&intel-mkl&o/ld_library_path&o/yes-ld_library_path&o/use-ld_library_path&o/enable-ld_library_path&o/with-ld_library_path&o/no-ld_library_path&o/not-ld_library_path&o/disable-ld_library_path&o/without-ld_library_path&o/ld_run_path&o/yes-ld_run_path&o/use-ld_run_path&o/enable-ld_run_path&o/with-ld_run_path&o/no-ld_run_path&o/not-ld_run_path&o/disable-ld_run_path&o/without-ld_run_path&o/show-debug&o/yes-show-debug&o/use-show-debug&o/enable-show-debug&o/with-show-debug&o/no-show-debug&o/not-show-debug&o/disable-show-debug&o/without-show-debug&o/library_path&o/yes-library_path&o/use-library_path&o/enable-library_path&o/with-library_path&o/no-library_path&o/not-library_path&o/disable-library_path&o/without-library_path&o/append-paths&o/yes-append-paths&o/use-append-paths&o/enable-append-paths&o/with-append-paths&o/no-append-paths&o/not-append-paths&o/disable-append-paths&o/without-append-paths&o/packaged-envvars&o/yes-packaged-envvars&o/use-packaged-envvars&o/enable-packaged-envvars&o/with-packaged-envvars&o/no-packaged-envvars&o/not-packaged-envvars&o/disable-packaged-envvars&o/without-packaged-envvars:1'
++ export MODULES_LMCONFLICT_modshare
++ PKG_CONFIG_PATH_modshare=/apps/intel-ct/2023.2.0/mkl/lib/pkgconfig:1:/apps/python3/3.11.7/lib/pkgconfig:1:/half-root/usr/lib64/pkgconfig:1
++ export PKG_CONFIG_PATH_modshare
++ FPATH_modshare=/apps/intel-ct/2023.2.0/mkl/include:1:/opt/Modules/v4.3.0/init/ksh-functions:1:/apps/python3/3.11.7/include/python3.11:1
++ export FPATH_modshare
++ CPLUS_INCLUDE_PATH=/apps/intel-ct/2023.2.0/mkl/include:/apps/python3/3.11.7/include/python3.11
++ export CPLUS_INCLUDE_PATH
++ PYTHON3_BASE=/apps/python3/3.11.7
++ export PYTHON3_BASE
++ MODULES_LMNOTUASKED=intel-mkl/2023.2.0
++ export MODULES_LMNOTUASKED
++ MKLROOT=/apps/intel-ct/2023.2.0/mkl
++ export MKLROOT
++ MODULES_LMNOTUASKED_modshare=intel-mkl/2023.2.0:1
++ export MODULES_LMNOTUASKED_modshare
++ MODULES_LMPREREQ_modshare='python3/3.11.7&intel-mkl/2023.2.0:1'
++ export MODULES_LMPREREQ_modshare
++ INTEL_MKL_ROOT=/apps/intel-ct/2023.2.0/mkl
++ export INTEL_MKL_ROOT
++ NLSPATH=/apps/intel-ct/2023.2.0/mkl/lib/intel64/locale/%l_%t/%N
++ export NLSPATH
++ LD_RUN_PATH_modshare=/apps/intel-ct/2023.2.0/mkl/lib/intel64:1:/apps/python3/3.11.7/lib:1
++ export LD_RUN_PATH_modshare
++ LD_LIBRARY_PATH_modshare=/apps/intel-ct/2023.2.0/mkl/lib/intel64:1:/apps/python3/3.11.7/lib:1
++ export LD_LIBRARY_PATH_modshare
++ C_INCLUDE_PATH=/apps/intel-ct/2023.2.0/mkl/include:/apps/python3/3.11.7/include/python3.11
++ export C_INCLUDE_PATH
++ CPATH_modshare=/apps/intel-ct/2023.2.0/mkl/include:1:/apps/python3/3.11.7/include/python3.11:1
++ export CPATH_modshare
++ _LMFILES__modshare=/apps/Modules/modulefiles/python3/3.11.7:1:/apps/Modules/modulefiles/intel-mkl/2023.2.0:1
++ export _LMFILES__modshare
++ LOADEDMODULES_modshare=python3/3.11.7:1:intel-mkl/2023.2.0:1
++ export LOADEDMODULES_modshare
++ INTEL_MKL_VERSION=2023.2.0
++ export INTEL_MKL_VERSION
++ PATH=/apps/python3/3.11.7/bin:/opt/pbs/default/bin:/opt/nci/bin:/opt/bin:/opt/Modules/v4.3.0/bin:/bin:/usr/bin:/usr/local/sbin:/usr/sbin:/local/pbs/bin
++ export PATH
++ PATH_modshare=/bin:1:/usr/sbin:1:/usr/bin:1:/apps/python3/3.11.7/bin:1:/opt/pbs/default/bin:1:/opt/bin:1:/opt/Modules/v4.3.0/bin:1:/usr/local/sbin:1:/local/pbs/bin:1:/opt/nci/bin:1
++ export PATH_modshare
++ test 0
+ _mlstatus=0
+ '[' -n x ']'
+ IFS=' 	
'
+ unset _mlre _mlv _mlrv _mlIFS
+ '[' -n '' ']'
+ unset _mlshdbg
+ return 0
+ module load cuda/12.2.2
+ unset _mlshdbg
+ '[' 0 = 1 ']'
+ unset _mlre _mlIFS
+ '[' -n x ']'
+ _mlIFS=' 	
'
+ IFS=' '
+ '[' -n '' ']'
++ /usr/bin/tclsh /opt/Modules/v4.3.0/libexec/modulecmd.tcl bash load cuda/12.2.2
+ eval 'CPATH=/apps/cuda/12.2.2/include:/apps/intel-ct/2023.2.0/mkl/include:/apps/python3/3.11.7/include/python3.11;' export 'CPATH;
CPLUS_INCLUDE_PATH_modshare=/apps/cuda/12.2.2/include:1:/apps/intel-ct/2023.2.0/mkl/include:1:/apps/python3/3.11.7/include/python3.11:1;' export 'CPLUS_INCLUDE_PATH_modshare;
LD_LIBRARY_PATH=/apps/cuda/12.2.2/extras/CUPTI/lib64:/apps/cuda/12.2.2/lib64:/apps/intel-ct/2023.2.0/mkl/lib/intel64:/apps/python3/3.11.7/lib;' export 'LD_LIBRARY_PATH;
LD_RUN_PATH=/apps/cuda/12.2.2/extras/CUPTI/lib64:/apps/cuda/12.2.2/lib64:/apps/intel-ct/2023.2.0/mkl/lib/intel64:/apps/python3/3.11.7/lib;' export 'LD_RUN_PATH;
MANPATH=/apps/cuda/12.2.2/doc/man:/apps/python3/3.11.7/share/man:/opt/pbs/default/share/man:::/local/pbs/share/man;' export 'MANPATH;
LIBRARY_PATH=/apps/cuda/12.2.2/extras/CUPTI/lib64:/apps/cuda/12.2.2/lib64:/apps/intel-ct/2023.2.0/mkl/lib/intel64:/apps/python3/3.11.7/lib;' export 'LIBRARY_PATH;
_LMFILES_=/apps/Modules/modulefiles/intel-mkl/2023.2.0:/apps/Modules/modulefiles/python3/3.11.7:/apps/Modules/modulefiles/cuda/12.2.2;' export '_LMFILES_;
LOADEDMODULES=intel-mkl/2023.2.0:python3/3.11.7:cuda/12.2.2;' export 'LOADEDMODULES;
MODULES_LMCONFLICT=intel-mkl/2023.2.0\&intel-mkl\&o/ld_library_path\&o/yes-ld_library_path\&o/use-ld_library_path\&o/enable-ld_library_path\&o/with-ld_library_path\&o/no-ld_library_path\&o/not-ld_library_path\&o/disable-ld_library_path\&o/without-ld_library_path\&o/ld_run_path\&o/yes-ld_run_path\&o/use-ld_run_path\&o/enable-ld_run_path\&o/with-ld_run_path\&o/no-ld_run_path\&o/not-ld_run_path\&o/disable-ld_run_path\&o/without-ld_run_path\&o/show-debug\&o/yes-show-debug\&o/use-show-debug\&o/enable-show-debug\&o/with-show-debug\&o/no-show-debug\&o/not-show-debug\&o/disable-show-debug\&o/without-show-debug\&o/library_path\&o/yes-library_path\&o/use-library_path\&o/enable-library_path\&o/with-library_path\&o/no-library_path\&o/not-library_path\&o/disable-library_path\&o/without-library_path\&o/append-paths\&o/yes-append-paths\&o/use-append-paths\&o/enable-append-paths\&o/with-append-paths\&o/no-append-paths\&o/not-append-paths\&o/disable-append-paths\&o/without-append-paths\&o/packaged-envvars\&o/yes-packaged-envvars\&o/use-packaged-envvars\&o/enable-packaged-envvars\&o/with-packaged-envvars\&o/no-packaged-envvars\&o/not-packaged-envvars\&o/disable-packaged-envvars\&o/without-packaged-envvars:python3/3.11.7\&python3\&o/ld_library_path\&o/yes-ld_library_path\&o/use-ld_library_path\&o/enable-ld_library_path\&o/with-ld_library_path\&o/no-ld_library_path\&o/not-ld_library_path\&o/disable-ld_library_path\&o/without-ld_library_path\&o/ld_run_path\&o/yes-ld_run_path\&o/use-ld_run_path\&o/enable-ld_run_path\&o/with-ld_run_path\&o/no-ld_run_path\&o/not-ld_run_path\&o/disable-ld_run_path\&o/without-ld_run_path\&o/show-debug\&o/yes-show-debug\&o/use-show-debug\&o/enable-show-debug\&o/with-show-debug\&o/no-show-debug\&o/not-show-debug\&o/disable-show-debug\&o/without-show-debug\&o/append-paths\&o/yes-append-paths\&o/use-append-paths\&o/enable-append-paths\&o/with-append-paths\&o/no-append-paths\&o/not-append-paths\&o/disable-append-paths\&o/without-append-paths\&o/library_path\&o/yes-library_path\&o/use-library_path\&o/enable-library_path\&o/with-library_path\&o/no-library_path\&o/not-library_path\&o/disable-library_path\&o/without-library_path\&o/packaged-envvars\&o/yes-packaged-envvars\&o/use-packaged-envvars\&o/enable-packaged-envvars\&o/with-packaged-envvars\&o/no-packaged-envvars\&o/not-packaged-envvars\&o/disable-packaged-envvars\&o/without-packaged-envvars:cuda/12.2.2\&cuda\&o/ld_library_path\&o/yes-ld_library_path\&o/use-ld_library_path\&o/enable-ld_library_path\&o/with-ld_library_path\&o/no-ld_library_path\&o/not-ld_library_path\&o/disable-ld_library_path\&o/without-ld_library_path\&o/ld_run_path\&o/yes-ld_run_path\&o/use-ld_run_path\&o/enable-ld_run_path\&o/with-ld_run_path\&o/no-ld_run_path\&o/not-ld_run_path\&o/disable-ld_run_path\&o/without-ld_run_path\&o/show-debug\&o/yes-show-debug\&o/use-show-debug\&o/enable-show-debug\&o/with-show-debug\&o/no-show-debug\&o/not-show-debug\&o/disable-show-debug\&o/without-show-debug\&o/append-paths\&o/yes-append-paths\&o/use-append-paths\&o/enable-append-paths\&o/with-append-paths\&o/no-append-paths\&o/not-append-paths\&o/disable-append-paths\&o/without-append-paths\&o/library_path\&o/yes-library_path\&o/use-library_path\&o/enable-library_path\&o/with-library_path\&o/no-library_path\&o/not-library_path\&o/disable-library_path\&o/without-library_path\&o/packaged-envvars\&o/yes-packaged-envvars\&o/use-packaged-envvars\&o/enable-packaged-envvars\&o/with-packaged-envvars\&o/no-packaged-envvars\&o/not-packaged-envvars\&o/disable-packaged-envvars\&o/without-packaged-envvars;' export 'MODULES_LMCONFLICT;
NVHPC_CUDA_HOME=/apps/cuda/12.2.2;' export 'NVHPC_CUDA_HOME;
MANPATH_modshare=:1:/apps/cuda/12.2.2/doc/man:1:/apps/python3/3.11.7/share/man:1:/opt/pbs/default/share/man:1:/local/pbs/share/man:1;' export 'MANPATH_modshare;
PKG_CONFIG_PATH=/apps/cuda/12.2.2/pkgconfig:/apps/intel-ct/2023.2.0/mkl/lib/pkgconfig:/apps/python3/3.11.7/lib/pkgconfig:/half-root/usr/lib64/pkgconfig;' export 'PKG_CONFIG_PATH;
LIBRARY_PATH_modshare=/apps/intel-ct/2023.2.0/mkl/lib/intel64:1:/apps/python3/3.11.7/lib:1:/apps/cuda/12.2.2/lib64:1:/apps/cuda/12.2.2/extras/CUPTI/lib64:1;' export 'LIBRARY_PATH_modshare;
C_INCLUDE_PATH_modshare=/apps/cuda/12.2.2/include:1:/apps/intel-ct/2023.2.0/mkl/include:1:/apps/python3/3.11.7/include/python3.11:1;' export 'C_INCLUDE_PATH_modshare;
MODULES_LMCONFLICT_modshare=cuda/12.2.2\&cuda\&o/ld_library_path\&o/yes-ld_library_path\&o/use-ld_library_path\&o/enable-ld_library_path\&o/with-ld_library_path\&o/no-ld_library_path\&o/not-ld_library_path\&o/disable-ld_library_path\&o/without-ld_library_path\&o/ld_run_path\&o/yes-ld_run_path\&o/use-ld_run_path\&o/enable-ld_run_path\&o/with-ld_run_path\&o/no-ld_run_path\&o/not-ld_run_path\&o/disable-ld_run_path\&o/without-ld_run_path\&o/show-debug\&o/yes-show-debug\&o/use-show-debug\&o/enable-show-debug\&o/with-show-debug\&o/no-show-debug\&o/not-show-debug\&o/disable-show-debug\&o/without-show-debug\&o/append-paths\&o/yes-append-paths\&o/use-append-paths\&o/enable-append-paths\&o/with-append-paths\&o/no-append-paths\&o/not-append-paths\&o/disable-append-paths\&o/without-append-paths\&o/library_path\&o/yes-library_path\&o/use-library_path\&o/enable-library_path\&o/with-library_path\&o/no-library_path\&o/not-library_path\&o/disable-library_path\&o/without-library_path\&o/packaged-envvars\&o/yes-packaged-envvars\&o/use-packaged-envvars\&o/enable-packaged-envvars\&o/with-packaged-envvars\&o/no-packaged-envvars\&o/not-packaged-envvars\&o/disable-packaged-envvars\&o/without-packaged-envvars:1:python3/3.11.7\&python3\&o/ld_library_path\&o/yes-ld_library_path\&o/use-ld_library_path\&o/enable-ld_library_path\&o/with-ld_library_path\&o/no-ld_library_path\&o/not-ld_library_path\&o/disable-ld_library_path\&o/without-ld_library_path\&o/ld_run_path\&o/yes-ld_run_path\&o/use-ld_run_path\&o/enable-ld_run_path\&o/with-ld_run_path\&o/no-ld_run_path\&o/not-ld_run_path\&o/disable-ld_run_path\&o/without-ld_run_path\&o/show-debug\&o/yes-show-debug\&o/use-show-debug\&o/enable-show-debug\&o/with-show-debug\&o/no-show-debug\&o/not-show-debug\&o/disable-show-debug\&o/without-show-debug\&o/append-paths\&o/yes-append-paths\&o/use-append-paths\&o/enable-append-paths\&o/with-append-paths\&o/no-append-paths\&o/not-append-paths\&o/disable-append-paths\&o/without-append-paths\&o/library_path\&o/yes-library_path\&o/use-library_path\&o/enable-library_path\&o/with-library_path\&o/no-library_path\&o/not-library_path\&o/disable-library_path\&o/without-library_path\&o/packaged-envvars\&o/yes-packaged-envvars\&o/use-packaged-envvars\&o/enable-packaged-envvars\&o/with-packaged-envvars\&o/no-packaged-envvars\&o/not-packaged-envvars\&o/disable-packaged-envvars\&o/without-packaged-envvars:1:intel-mkl/2023.2.0\&intel-mkl\&o/ld_library_path\&o/yes-ld_library_path\&o/use-ld_library_path\&o/enable-ld_library_path\&o/with-ld_library_path\&o/no-ld_library_path\&o/not-ld_library_path\&o/disable-ld_library_path\&o/without-ld_library_path\&o/ld_run_path\&o/yes-ld_run_path\&o/use-ld_run_path\&o/enable-ld_run_path\&o/with-ld_run_path\&o/no-ld_run_path\&o/not-ld_run_path\&o/disable-ld_run_path\&o/without-ld_run_path\&o/show-debug\&o/yes-show-debug\&o/use-show-debug\&o/enable-show-debug\&o/with-show-debug\&o/no-show-debug\&o/not-show-debug\&o/disable-show-debug\&o/without-show-debug\&o/library_path\&o/yes-library_path\&o/use-library_path\&o/enable-library_path\&o/with-library_path\&o/no-library_path\&o/not-library_path\&o/disable-library_path\&o/without-library_path\&o/append-paths\&o/yes-append-paths\&o/use-append-paths\&o/enable-append-paths\&o/with-append-paths\&o/no-append-paths\&o/not-append-paths\&o/disable-append-paths\&o/without-append-paths\&o/packaged-envvars\&o/yes-packaged-envvars\&o/use-packaged-envvars\&o/enable-packaged-envvars\&o/with-packaged-envvars\&o/no-packaged-envvars\&o/not-packaged-envvars\&o/disable-packaged-envvars\&o/without-packaged-envvars:1;' export 'MODULES_LMCONFLICT_modshare;
PKG_CONFIG_PATH_modshare=/apps/cuda/12.2.2/pkgconfig:1:/apps/intel-ct/2023.2.0/mkl/lib/pkgconfig:1:/apps/python3/3.11.7/lib/pkgconfig:1:/half-root/usr/lib64/pkgconfig:1;' export 'PKG_CONFIG_PATH_modshare;
CPLUS_INCLUDE_PATH=/apps/cuda/12.2.2/include:/apps/intel-ct/2023.2.0/mkl/include:/apps/python3/3.11.7/include/python3.11;' export 'CPLUS_INCLUDE_PATH;
CUDA_ROOT=/apps/cuda/12.2.2;' export 'CUDA_ROOT;
CUDA_VERSION=12.2.2;' export 'CUDA_VERSION;
CPATH_modshare=/apps/cuda/12.2.2/include:1:/apps/intel-ct/2023.2.0/mkl/include:1:/apps/python3/3.11.7/include/python3.11:1;' export 'CPATH_modshare;
LD_LIBRARY_PATH_modshare=/apps/intel-ct/2023.2.0/mkl/lib/intel64:1:/apps/python3/3.11.7/lib:1:/apps/cuda/12.2.2/lib64:1:/apps/cuda/12.2.2/extras/CUPTI/lib64:1;' export 'LD_LIBRARY_PATH_modshare;
LD_RUN_PATH_modshare=/apps/intel-ct/2023.2.0/mkl/lib/intel64:1:/apps/python3/3.11.7/lib:1:/apps/cuda/12.2.2/lib64:1:/apps/cuda/12.2.2/extras/CUPTI/lib64:1;' export 'LD_RUN_PATH_modshare;
C_INCLUDE_PATH=/apps/cuda/12.2.2/include:/apps/intel-ct/2023.2.0/mkl/include:/apps/python3/3.11.7/include/python3.11;' export 'C_INCLUDE_PATH;
_LMFILES__modshare=/apps/Modules/modulefiles/cuda/12.2.2:1:/apps/Modules/modulefiles/python3/3.11.7:1:/apps/Modules/modulefiles/intel-mkl/2023.2.0:1;' export '_LMFILES__modshare;
LOADEDMODULES_modshare=python3/3.11.7:1:intel-mkl/2023.2.0:1:cuda/12.2.2:1;' export 'LOADEDMODULES_modshare;
CUDA_HOME=/apps/cuda/12.2.2;' export 'CUDA_HOME;
PATH=/apps/cuda/12.2.2/bin:/apps/python3/3.11.7/bin:/opt/pbs/default/bin:/opt/nci/bin:/opt/bin:/opt/Modules/v4.3.0/bin:/bin:/usr/bin:/usr/local/sbin:/usr/sbin:/local/pbs/bin;' export 'PATH;
CUDA_BASE=/apps/cuda/12.2.2;' export 'CUDA_BASE;
PATH_modshare=/bin:1:/usr/sbin:1:/apps/cuda/12.2.2/bin:1:/usr/bin:1:/apps/python3/3.11.7/bin:1:/opt/pbs/default/bin:1:/opt/bin:1:/opt/Modules/v4.3.0/bin:1:/usr/local/sbin:1:/local/pbs/bin:1:/opt/nci/bin:1;' export 'PATH_modshare;
test' '0;'
++ CPATH=/apps/cuda/12.2.2/include:/apps/intel-ct/2023.2.0/mkl/include:/apps/python3/3.11.7/include/python3.11
++ export CPATH
++ CPLUS_INCLUDE_PATH_modshare=/apps/cuda/12.2.2/include:1:/apps/intel-ct/2023.2.0/mkl/include:1:/apps/python3/3.11.7/include/python3.11:1
++ export CPLUS_INCLUDE_PATH_modshare
++ LD_LIBRARY_PATH=/apps/cuda/12.2.2/extras/CUPTI/lib64:/apps/cuda/12.2.2/lib64:/apps/intel-ct/2023.2.0/mkl/lib/intel64:/apps/python3/3.11.7/lib
++ export LD_LIBRARY_PATH
++ LD_RUN_PATH=/apps/cuda/12.2.2/extras/CUPTI/lib64:/apps/cuda/12.2.2/lib64:/apps/intel-ct/2023.2.0/mkl/lib/intel64:/apps/python3/3.11.7/lib
++ export LD_RUN_PATH
++ MANPATH=/apps/cuda/12.2.2/doc/man:/apps/python3/3.11.7/share/man:/opt/pbs/default/share/man:::/local/pbs/share/man
++ export MANPATH
++ LIBRARY_PATH=/apps/cuda/12.2.2/extras/CUPTI/lib64:/apps/cuda/12.2.2/lib64:/apps/intel-ct/2023.2.0/mkl/lib/intel64:/apps/python3/3.11.7/lib
++ export LIBRARY_PATH
++ _LMFILES_=/apps/Modules/modulefiles/intel-mkl/2023.2.0:/apps/Modules/modulefiles/python3/3.11.7:/apps/Modules/modulefiles/cuda/12.2.2
++ export _LMFILES_
++ LOADEDMODULES=intel-mkl/2023.2.0:python3/3.11.7:cuda/12.2.2
++ export LOADEDMODULES
++ MODULES_LMCONFLICT='intel-mkl/2023.2.0&intel-mkl&o/ld_library_path&o/yes-ld_library_path&o/use-ld_library_path&o/enable-ld_library_path&o/with-ld_library_path&o/no-ld_library_path&o/not-ld_library_path&o/disable-ld_library_path&o/without-ld_library_path&o/ld_run_path&o/yes-ld_run_path&o/use-ld_run_path&o/enable-ld_run_path&o/with-ld_run_path&o/no-ld_run_path&o/not-ld_run_path&o/disable-ld_run_path&o/without-ld_run_path&o/show-debug&o/yes-show-debug&o/use-show-debug&o/enable-show-debug&o/with-show-debug&o/no-show-debug&o/not-show-debug&o/disable-show-debug&o/without-show-debug&o/library_path&o/yes-library_path&o/use-library_path&o/enable-library_path&o/with-library_path&o/no-library_path&o/not-library_path&o/disable-library_path&o/without-library_path&o/append-paths&o/yes-append-paths&o/use-append-paths&o/enable-append-paths&o/with-append-paths&o/no-append-paths&o/not-append-paths&o/disable-append-paths&o/without-append-paths&o/packaged-envvars&o/yes-packaged-envvars&o/use-packaged-envvars&o/enable-packaged-envvars&o/with-packaged-envvars&o/no-packaged-envvars&o/not-packaged-envvars&o/disable-packaged-envvars&o/without-packaged-envvars:python3/3.11.7&python3&o/ld_library_path&o/yes-ld_library_path&o/use-ld_library_path&o/enable-ld_library_path&o/with-ld_library_path&o/no-ld_library_path&o/not-ld_library_path&o/disable-ld_library_path&o/without-ld_library_path&o/ld_run_path&o/yes-ld_run_path&o/use-ld_run_path&o/enable-ld_run_path&o/with-ld_run_path&o/no-ld_run_path&o/not-ld_run_path&o/disable-ld_run_path&o/without-ld_run_path&o/show-debug&o/yes-show-debug&o/use-show-debug&o/enable-show-debug&o/with-show-debug&o/no-show-debug&o/not-show-debug&o/disable-show-debug&o/without-show-debug&o/append-paths&o/yes-append-paths&o/use-append-paths&o/enable-append-paths&o/with-append-paths&o/no-append-paths&o/not-append-paths&o/disable-append-paths&o/without-append-paths&o/library_path&o/yes-library_path&o/use-library_path&o/enable-library_path&o/with-library_path&o/no-library_path&o/not-library_path&o/disable-library_path&o/without-library_path&o/packaged-envvars&o/yes-packaged-envvars&o/use-packaged-envvars&o/enable-packaged-envvars&o/with-packaged-envvars&o/no-packaged-envvars&o/not-packaged-envvars&o/disable-packaged-envvars&o/without-packaged-envvars:cuda/12.2.2&cuda&o/ld_library_path&o/yes-ld_library_path&o/use-ld_library_path&o/enable-ld_library_path&o/with-ld_library_path&o/no-ld_library_path&o/not-ld_library_path&o/disable-ld_library_path&o/without-ld_library_path&o/ld_run_path&o/yes-ld_run_path&o/use-ld_run_path&o/enable-ld_run_path&o/with-ld_run_path&o/no-ld_run_path&o/not-ld_run_path&o/disable-ld_run_path&o/without-ld_run_path&o/show-debug&o/yes-show-debug&o/use-show-debug&o/enable-show-debug&o/with-show-debug&o/no-show-debug&o/not-show-debug&o/disable-show-debug&o/without-show-debug&o/append-paths&o/yes-append-paths&o/use-append-paths&o/enable-append-paths&o/with-append-paths&o/no-append-paths&o/not-append-paths&o/disable-append-paths&o/without-append-paths&o/library_path&o/yes-library_path&o/use-library_path&o/enable-library_path&o/with-library_path&o/no-library_path&o/not-library_path&o/disable-library_path&o/without-library_path&o/packaged-envvars&o/yes-packaged-envvars&o/use-packaged-envvars&o/enable-packaged-envvars&o/with-packaged-envvars&o/no-packaged-envvars&o/not-packaged-envvars&o/disable-packaged-envvars&o/without-packaged-envvars'
++ export MODULES_LMCONFLICT
++ NVHPC_CUDA_HOME=/apps/cuda/12.2.2
++ export NVHPC_CUDA_HOME
++ MANPATH_modshare=:1:/apps/cuda/12.2.2/doc/man:1:/apps/python3/3.11.7/share/man:1:/opt/pbs/default/share/man:1:/local/pbs/share/man:1
++ export MANPATH_modshare
++ PKG_CONFIG_PATH=/apps/cuda/12.2.2/pkgconfig:/apps/intel-ct/2023.2.0/mkl/lib/pkgconfig:/apps/python3/3.11.7/lib/pkgconfig:/half-root/usr/lib64/pkgconfig
++ export PKG_CONFIG_PATH
++ LIBRARY_PATH_modshare=/apps/intel-ct/2023.2.0/mkl/lib/intel64:1:/apps/python3/3.11.7/lib:1:/apps/cuda/12.2.2/lib64:1:/apps/cuda/12.2.2/extras/CUPTI/lib64:1
++ export LIBRARY_PATH_modshare
++ C_INCLUDE_PATH_modshare=/apps/cuda/12.2.2/include:1:/apps/intel-ct/2023.2.0/mkl/include:1:/apps/python3/3.11.7/include/python3.11:1
++ export C_INCLUDE_PATH_modshare
++ MODULES_LMCONFLICT_modshare='cuda/12.2.2&cuda&o/ld_library_path&o/yes-ld_library_path&o/use-ld_library_path&o/enable-ld_library_path&o/with-ld_library_path&o/no-ld_library_path&o/not-ld_library_path&o/disable-ld_library_path&o/without-ld_library_path&o/ld_run_path&o/yes-ld_run_path&o/use-ld_run_path&o/enable-ld_run_path&o/with-ld_run_path&o/no-ld_run_path&o/not-ld_run_path&o/disable-ld_run_path&o/without-ld_run_path&o/show-debug&o/yes-show-debug&o/use-show-debug&o/enable-show-debug&o/with-show-debug&o/no-show-debug&o/not-show-debug&o/disable-show-debug&o/without-show-debug&o/append-paths&o/yes-append-paths&o/use-append-paths&o/enable-append-paths&o/with-append-paths&o/no-append-paths&o/not-append-paths&o/disable-append-paths&o/without-append-paths&o/library_path&o/yes-library_path&o/use-library_path&o/enable-library_path&o/with-library_path&o/no-library_path&o/not-library_path&o/disable-library_path&o/without-library_path&o/packaged-envvars&o/yes-packaged-envvars&o/use-packaged-envvars&o/enable-packaged-envvars&o/with-packaged-envvars&o/no-packaged-envvars&o/not-packaged-envvars&o/disable-packaged-envvars&o/without-packaged-envvars:1:python3/3.11.7&python3&o/ld_library_path&o/yes-ld_library_path&o/use-ld_library_path&o/enable-ld_library_path&o/with-ld_library_path&o/no-ld_library_path&o/not-ld_library_path&o/disable-ld_library_path&o/without-ld_library_path&o/ld_run_path&o/yes-ld_run_path&o/use-ld_run_path&o/enable-ld_run_path&o/with-ld_run_path&o/no-ld_run_path&o/not-ld_run_path&o/disable-ld_run_path&o/without-ld_run_path&o/show-debug&o/yes-show-debug&o/use-show-debug&o/enable-show-debug&o/with-show-debug&o/no-show-debug&o/not-show-debug&o/disable-show-debug&o/without-show-debug&o/append-paths&o/yes-append-paths&o/use-append-paths&o/enable-append-paths&o/with-append-paths&o/no-append-paths&o/not-append-paths&o/disable-append-paths&o/without-append-paths&o/library_path&o/yes-library_path&o/use-library_path&o/enable-library_path&o/with-library_path&o/no-library_path&o/not-library_path&o/disable-library_path&o/without-library_path&o/packaged-envvars&o/yes-packaged-envvars&o/use-packaged-envvars&o/enable-packaged-envvars&o/with-packaged-envvars&o/no-packaged-envvars&o/not-packaged-envvars&o/disable-packaged-envvars&o/without-packaged-envvars:1:intel-mkl/2023.2.0&intel-mkl&o/ld_library_path&o/yes-ld_library_path&o/use-ld_library_path&o/enable-ld_library_path&o/with-ld_library_path&o/no-ld_library_path&o/not-ld_library_path&o/disable-ld_library_path&o/without-ld_library_path&o/ld_run_path&o/yes-ld_run_path&o/use-ld_run_path&o/enable-ld_run_path&o/with-ld_run_path&o/no-ld_run_path&o/not-ld_run_path&o/disable-ld_run_path&o/without-ld_run_path&o/show-debug&o/yes-show-debug&o/use-show-debug&o/enable-show-debug&o/with-show-debug&o/no-show-debug&o/not-show-debug&o/disable-show-debug&o/without-show-debug&o/library_path&o/yes-library_path&o/use-library_path&o/enable-library_path&o/with-library_path&o/no-library_path&o/not-library_path&o/disable-library_path&o/without-library_path&o/append-paths&o/yes-append-paths&o/use-append-paths&o/enable-append-paths&o/with-append-paths&o/no-append-paths&o/not-append-paths&o/disable-append-paths&o/without-append-paths&o/packaged-envvars&o/yes-packaged-envvars&o/use-packaged-envvars&o/enable-packaged-envvars&o/with-packaged-envvars&o/no-packaged-envvars&o/not-packaged-envvars&o/disable-packaged-envvars&o/without-packaged-envvars:1'
++ export MODULES_LMCONFLICT_modshare
++ PKG_CONFIG_PATH_modshare=/apps/cuda/12.2.2/pkgconfig:1:/apps/intel-ct/2023.2.0/mkl/lib/pkgconfig:1:/apps/python3/3.11.7/lib/pkgconfig:1:/half-root/usr/lib64/pkgconfig:1
++ export PKG_CONFIG_PATH_modshare
++ CPLUS_INCLUDE_PATH=/apps/cuda/12.2.2/include:/apps/intel-ct/2023.2.0/mkl/include:/apps/python3/3.11.7/include/python3.11
++ export CPLUS_INCLUDE_PATH
++ CUDA_ROOT=/apps/cuda/12.2.2
++ export CUDA_ROOT
++ CUDA_VERSION=12.2.2
++ export CUDA_VERSION
++ CPATH_modshare=/apps/cuda/12.2.2/include:1:/apps/intel-ct/2023.2.0/mkl/include:1:/apps/python3/3.11.7/include/python3.11:1
++ export CPATH_modshare
++ LD_LIBRARY_PATH_modshare=/apps/intel-ct/2023.2.0/mkl/lib/intel64:1:/apps/python3/3.11.7/lib:1:/apps/cuda/12.2.2/lib64:1:/apps/cuda/12.2.2/extras/CUPTI/lib64:1
++ export LD_LIBRARY_PATH_modshare
++ LD_RUN_PATH_modshare=/apps/intel-ct/2023.2.0/mkl/lib/intel64:1:/apps/python3/3.11.7/lib:1:/apps/cuda/12.2.2/lib64:1:/apps/cuda/12.2.2/extras/CUPTI/lib64:1
++ export LD_RUN_PATH_modshare
++ C_INCLUDE_PATH=/apps/cuda/12.2.2/include:/apps/intel-ct/2023.2.0/mkl/include:/apps/python3/3.11.7/include/python3.11
++ export C_INCLUDE_PATH
++ _LMFILES__modshare=/apps/Modules/modulefiles/cuda/12.2.2:1:/apps/Modules/modulefiles/python3/3.11.7:1:/apps/Modules/modulefiles/intel-mkl/2023.2.0:1
++ export _LMFILES__modshare
++ LOADEDMODULES_modshare=python3/3.11.7:1:intel-mkl/2023.2.0:1:cuda/12.2.2:1
++ export LOADEDMODULES_modshare
++ CUDA_HOME=/apps/cuda/12.2.2
++ export CUDA_HOME
++ PATH=/apps/cuda/12.2.2/bin:/apps/python3/3.11.7/bin:/opt/pbs/default/bin:/opt/nci/bin:/opt/bin:/opt/Modules/v4.3.0/bin:/bin:/usr/bin:/usr/local/sbin:/usr/sbin:/local/pbs/bin
++ export PATH
++ CUDA_BASE=/apps/cuda/12.2.2
++ export CUDA_BASE
++ PATH_modshare=/bin:1:/usr/sbin:1:/apps/cuda/12.2.2/bin:1:/usr/bin:1:/apps/python3/3.11.7/bin:1:/opt/pbs/default/bin:1:/opt/bin:1:/opt/Modules/v4.3.0/bin:1:/usr/local/sbin:1:/local/pbs/bin:1:/opt/nci/bin:1
++ export PATH_modshare
++ test 0
+ _mlstatus=0
+ '[' -n x ']'
+ IFS=' 	
'
+ unset _mlre _mlv _mlrv _mlIFS
+ '[' -n '' ']'
+ unset _mlshdbg
+ return 0
+ module load cudnn/8.9.7-cuda12
+ unset _mlshdbg
+ '[' 0 = 1 ']'
+ unset _mlre _mlIFS
+ '[' -n x ']'
+ _mlIFS=' 	
'
+ IFS=' '
+ '[' -n '' ']'
++ /usr/bin/tclsh /opt/Modules/v4.3.0/libexec/modulecmd.tcl bash load cudnn/8.9.7-cuda12
+ eval 'CPLUS_INCLUDE_PATH_modshare=/apps/cuda/12.2.2/include:1:/apps/intel-ct/2023.2.0/mkl/include:1:/apps/cudnn/8.9.7-cuda12/include:1:/apps/python3/3.11.7/include/python3.11:1;' export 'CPLUS_INCLUDE_PATH_modshare;
CPATH=/apps/cudnn/8.9.7-cuda12/include:/apps/cuda/12.2.2/include:/apps/intel-ct/2023.2.0/mkl/include:/apps/python3/3.11.7/include/python3.11;' export 'CPATH;
LD_LIBRARY_PATH=/apps/cudnn/8.9.7-cuda12/lib:/apps/cuda/12.2.2/extras/CUPTI/lib64:/apps/cuda/12.2.2/lib64:/apps/intel-ct/2023.2.0/mkl/lib/intel64:/apps/python3/3.11.7/lib;' export 'LD_LIBRARY_PATH;
LD_RUN_PATH=/apps/cudnn/8.9.7-cuda12/lib:/apps/cuda/12.2.2/extras/CUPTI/lib64:/apps/cuda/12.2.2/lib64:/apps/intel-ct/2023.2.0/mkl/lib/intel64:/apps/python3/3.11.7/lib;' export 'LD_RUN_PATH;
LIBRARY_PATH=/apps/cudnn/8.9.7-cuda12/lib:/apps/cuda/12.2.2/extras/CUPTI/lib64:/apps/cuda/12.2.2/lib64:/apps/intel-ct/2023.2.0/mkl/lib/intel64:/apps/python3/3.11.7/lib;' export 'LIBRARY_PATH;
_LMFILES_=/apps/Modules/modulefiles/intel-mkl/2023.2.0:/apps/Modules/modulefiles/python3/3.11.7:/apps/Modules/modulefiles/cuda/12.2.2:/apps/Modules/modulefiles/cudnn/8.9.7-cuda12;' export '_LMFILES_;
LOADEDMODULES=intel-mkl/2023.2.0:python3/3.11.7:cuda/12.2.2:cudnn/8.9.7-cuda12;' export 'LOADEDMODULES;
CUDNN_BASE=/apps/cudnn/8.9.7-cuda12;' export 'CUDNN_BASE;
MODULES_LMCONFLICT=intel-mkl/2023.2.0\&intel-mkl\&o/ld_library_path\&o/yes-ld_library_path\&o/use-ld_library_path\&o/enable-ld_library_path\&o/with-ld_library_path\&o/no-ld_library_path\&o/not-ld_library_path\&o/disable-ld_library_path\&o/without-ld_library_path\&o/ld_run_path\&o/yes-ld_run_path\&o/use-ld_run_path\&o/enable-ld_run_path\&o/with-ld_run_path\&o/no-ld_run_path\&o/not-ld_run_path\&o/disable-ld_run_path\&o/without-ld_run_path\&o/show-debug\&o/yes-show-debug\&o/use-show-debug\&o/enable-show-debug\&o/with-show-debug\&o/no-show-debug\&o/not-show-debug\&o/disable-show-debug\&o/without-show-debug\&o/library_path\&o/yes-library_path\&o/use-library_path\&o/enable-library_path\&o/with-library_path\&o/no-library_path\&o/not-library_path\&o/disable-library_path\&o/without-library_path\&o/append-paths\&o/yes-append-paths\&o/use-append-paths\&o/enable-append-paths\&o/with-append-paths\&o/no-append-paths\&o/not-append-paths\&o/disable-append-paths\&o/without-append-paths\&o/packaged-envvars\&o/yes-packaged-envvars\&o/use-packaged-envvars\&o/enable-packaged-envvars\&o/with-packaged-envvars\&o/no-packaged-envvars\&o/not-packaged-envvars\&o/disable-packaged-envvars\&o/without-packaged-envvars:python3/3.11.7\&python3\&o/ld_library_path\&o/yes-ld_library_path\&o/use-ld_library_path\&o/enable-ld_library_path\&o/with-ld_library_path\&o/no-ld_library_path\&o/not-ld_library_path\&o/disable-ld_library_path\&o/without-ld_library_path\&o/ld_run_path\&o/yes-ld_run_path\&o/use-ld_run_path\&o/enable-ld_run_path\&o/with-ld_run_path\&o/no-ld_run_path\&o/not-ld_run_path\&o/disable-ld_run_path\&o/without-ld_run_path\&o/show-debug\&o/yes-show-debug\&o/use-show-debug\&o/enable-show-debug\&o/with-show-debug\&o/no-show-debug\&o/not-show-debug\&o/disable-show-debug\&o/without-show-debug\&o/append-paths\&o/yes-append-paths\&o/use-append-paths\&o/enable-append-paths\&o/with-append-paths\&o/no-append-paths\&o/not-append-paths\&o/disable-append-paths\&o/without-append-paths\&o/library_path\&o/yes-library_path\&o/use-library_path\&o/enable-library_path\&o/with-library_path\&o/no-library_path\&o/not-library_path\&o/disable-library_path\&o/without-library_path\&o/packaged-envvars\&o/yes-packaged-envvars\&o/use-packaged-envvars\&o/enable-packaged-envvars\&o/with-packaged-envvars\&o/no-packaged-envvars\&o/not-packaged-envvars\&o/disable-packaged-envvars\&o/without-packaged-envvars:cuda/12.2.2\&cuda\&o/ld_library_path\&o/yes-ld_library_path\&o/use-ld_library_path\&o/enable-ld_library_path\&o/with-ld_library_path\&o/no-ld_library_path\&o/not-ld_library_path\&o/disable-ld_library_path\&o/without-ld_library_path\&o/ld_run_path\&o/yes-ld_run_path\&o/use-ld_run_path\&o/enable-ld_run_path\&o/with-ld_run_path\&o/no-ld_run_path\&o/not-ld_run_path\&o/disable-ld_run_path\&o/without-ld_run_path\&o/show-debug\&o/yes-show-debug\&o/use-show-debug\&o/enable-show-debug\&o/with-show-debug\&o/no-show-debug\&o/not-show-debug\&o/disable-show-debug\&o/without-show-debug\&o/append-paths\&o/yes-append-paths\&o/use-append-paths\&o/enable-append-paths\&o/with-append-paths\&o/no-append-paths\&o/not-append-paths\&o/disable-append-paths\&o/without-append-paths\&o/library_path\&o/yes-library_path\&o/use-library_path\&o/enable-library_path\&o/with-library_path\&o/no-library_path\&o/not-library_path\&o/disable-library_path\&o/without-library_path\&o/packaged-envvars\&o/yes-packaged-envvars\&o/use-packaged-envvars\&o/enable-packaged-envvars\&o/with-packaged-envvars\&o/no-packaged-envvars\&o/not-packaged-envvars\&o/disable-packaged-envvars\&o/without-packaged-envvars:cudnn/8.9.7-cuda12\&cuda/10.1\&cuda/11.0.3\&cuda/11.2.2\&cuda/11.4.1\&cuda/11.6.1\&cuda/11.7.0\&o/ld_library_path\&o/yes-ld_library_path\&o/use-ld_library_path\&o/enable-ld_library_path\&o/with-ld_library_path\&o/no-ld_library_path\&o/not-ld_library_path\&o/disable-ld_library_path\&o/without-ld_library_path\&o/ld_run_path\&o/yes-ld_run_path\&o/use-ld_run_path\&o/enable-ld_run_path\&o/with-ld_run_path\&o/no-ld_run_path\&o/not-ld_run_path\&o/disable-ld_run_path\&o/without-ld_run_path\&o/show-debug\&o/yes-show-debug\&o/use-show-debug\&o/enable-show-debug\&o/with-show-debug\&o/no-show-debug\&o/not-show-debug\&o/disable-show-debug\&o/without-show-debug\&o/append-paths\&o/yes-append-paths\&o/use-append-paths\&o/enable-append-paths\&o/with-append-paths\&o/no-append-paths\&o/not-append-paths\&o/disable-append-paths\&o/without-append-paths\&o/library_path\&o/yes-library_path\&o/use-library_path\&o/enable-library_path\&o/with-library_path\&o/no-library_path\&o/not-library_path\&o/disable-library_path\&o/without-library_path\&o/packaged-envvars\&o/yes-packaged-envvars\&o/use-packaged-envvars\&o/enable-packaged-envvars\&o/with-packaged-envvars\&o/no-packaged-envvars\&o/not-packaged-envvars\&o/disable-packaged-envvars\&o/without-packaged-envvars;' export 'MODULES_LMCONFLICT;
LIBRARY_PATH_modshare=/apps/cudnn/8.9.7-cuda12/lib:1:/apps/intel-ct/2023.2.0/mkl/lib/intel64:1:/apps/python3/3.11.7/lib:1:/apps/cuda/12.2.2/lib64:1:/apps/cuda/12.2.2/extras/CUPTI/lib64:1;' export 'LIBRARY_PATH_modshare;
C_INCLUDE_PATH_modshare=/apps/cuda/12.2.2/include:1:/apps/intel-ct/2023.2.0/mkl/include:1:/apps/cudnn/8.9.7-cuda12/include:1:/apps/python3/3.11.7/include/python3.11:1;' export 'C_INCLUDE_PATH_modshare;
MODULES_LMCONFLICT_modshare=cuda/12.2.2\&cuda\&o/ld_library_path\&o/yes-ld_library_path\&o/use-ld_library_path\&o/enable-ld_library_path\&o/with-ld_library_path\&o/no-ld_library_path\&o/not-ld_library_path\&o/disable-ld_library_path\&o/without-ld_library_path\&o/ld_run_path\&o/yes-ld_run_path\&o/use-ld_run_path\&o/enable-ld_run_path\&o/with-ld_run_path\&o/no-ld_run_path\&o/not-ld_run_path\&o/disable-ld_run_path\&o/without-ld_run_path\&o/show-debug\&o/yes-show-debug\&o/use-show-debug\&o/enable-show-debug\&o/with-show-debug\&o/no-show-debug\&o/not-show-debug\&o/disable-show-debug\&o/without-show-debug\&o/append-paths\&o/yes-append-paths\&o/use-append-paths\&o/enable-append-paths\&o/with-append-paths\&o/no-append-paths\&o/not-append-paths\&o/disable-append-paths\&o/without-append-paths\&o/library_path\&o/yes-library_path\&o/use-library_path\&o/enable-library_path\&o/with-library_path\&o/no-library_path\&o/not-library_path\&o/disable-library_path\&o/without-library_path\&o/packaged-envvars\&o/yes-packaged-envvars\&o/use-packaged-envvars\&o/enable-packaged-envvars\&o/with-packaged-envvars\&o/no-packaged-envvars\&o/not-packaged-envvars\&o/disable-packaged-envvars\&o/without-packaged-envvars:1:python3/3.11.7\&python3\&o/ld_library_path\&o/yes-ld_library_path\&o/use-ld_library_path\&o/enable-ld_library_path\&o/with-ld_library_path\&o/no-ld_library_path\&o/not-ld_library_path\&o/disable-ld_library_path\&o/without-ld_library_path\&o/ld_run_path\&o/yes-ld_run_path\&o/use-ld_run_path\&o/enable-ld_run_path\&o/with-ld_run_path\&o/no-ld_run_path\&o/not-ld_run_path\&o/disable-ld_run_path\&o/without-ld_run_path\&o/show-debug\&o/yes-show-debug\&o/use-show-debug\&o/enable-show-debug\&o/with-show-debug\&o/no-show-debug\&o/not-show-debug\&o/disable-show-debug\&o/without-show-debug\&o/append-paths\&o/yes-append-paths\&o/use-append-paths\&o/enable-append-paths\&o/with-append-paths\&o/no-append-paths\&o/not-append-paths\&o/disable-append-paths\&o/without-append-paths\&o/library_path\&o/yes-library_path\&o/use-library_path\&o/enable-library_path\&o/with-library_path\&o/no-library_path\&o/not-library_path\&o/disable-library_path\&o/without-library_path\&o/packaged-envvars\&o/yes-packaged-envvars\&o/use-packaged-envvars\&o/enable-packaged-envvars\&o/with-packaged-envvars\&o/no-packaged-envvars\&o/not-packaged-envvars\&o/disable-packaged-envvars\&o/without-packaged-envvars:1:cudnn/8.9.7-cuda12\&cuda/10.1\&cuda/11.0.3\&cuda/11.2.2\&cuda/11.4.1\&cuda/11.6.1\&cuda/11.7.0\&o/ld_library_path\&o/yes-ld_library_path\&o/use-ld_library_path\&o/enable-ld_library_path\&o/with-ld_library_path\&o/no-ld_library_path\&o/not-ld_library_path\&o/disable-ld_library_path\&o/without-ld_library_path\&o/ld_run_path\&o/yes-ld_run_path\&o/use-ld_run_path\&o/enable-ld_run_path\&o/with-ld_run_path\&o/no-ld_run_path\&o/not-ld_run_path\&o/disable-ld_run_path\&o/without-ld_run_path\&o/show-debug\&o/yes-show-debug\&o/use-show-debug\&o/enable-show-debug\&o/with-show-debug\&o/no-show-debug\&o/not-show-debug\&o/disable-show-debug\&o/without-show-debug\&o/append-paths\&o/yes-append-paths\&o/use-append-paths\&o/enable-append-paths\&o/with-append-paths\&o/no-append-paths\&o/not-append-paths\&o/disable-append-paths\&o/without-append-paths\&o/library_path\&o/yes-library_path\&o/use-library_path\&o/enable-library_path\&o/with-library_path\&o/no-library_path\&o/not-library_path\&o/disable-library_path\&o/without-library_path\&o/packaged-envvars\&o/yes-packaged-envvars\&o/use-packaged-envvars\&o/enable-packaged-envvars\&o/with-packaged-envvars\&o/no-packaged-envvars\&o/not-packaged-envvars\&o/disable-packaged-envvars\&o/without-packaged-envvars:1:intel-mkl/2023.2.0\&intel-mkl\&o/ld_library_path\&o/yes-ld_library_path\&o/use-ld_library_path\&o/enable-ld_library_path\&o/with-ld_library_path\&o/no-ld_library_path\&o/not-ld_library_path\&o/disable-ld_library_path\&o/without-ld_library_path\&o/ld_run_path\&o/yes-ld_run_path\&o/use-ld_run_path\&o/enable-ld_run_path\&o/with-ld_run_path\&o/no-ld_run_path\&o/not-ld_run_path\&o/disable-ld_run_path\&o/without-ld_run_path\&o/show-debug\&o/yes-show-debug\&o/use-show-debug\&o/enable-show-debug\&o/with-show-debug\&o/no-show-debug\&o/not-show-debug\&o/disable-show-debug\&o/without-show-debug\&o/library_path\&o/yes-library_path\&o/use-library_path\&o/enable-library_path\&o/with-library_path\&o/no-library_path\&o/not-library_path\&o/disable-library_path\&o/without-library_path\&o/append-paths\&o/yes-append-paths\&o/use-append-paths\&o/enable-append-paths\&o/with-append-paths\&o/no-append-paths\&o/not-append-paths\&o/disable-append-paths\&o/without-append-paths\&o/packaged-envvars\&o/yes-packaged-envvars\&o/use-packaged-envvars\&o/enable-packaged-envvars\&o/with-packaged-envvars\&o/no-packaged-envvars\&o/not-packaged-envvars\&o/disable-packaged-envvars\&o/without-packaged-envvars:1;' export 'MODULES_LMCONFLICT_modshare;
CUDNN_VERSION=8.9.7-cuda12;' export 'CUDNN_VERSION;
CPLUS_INCLUDE_PATH=/apps/cudnn/8.9.7-cuda12/include:/apps/cuda/12.2.2/include:/apps/intel-ct/2023.2.0/mkl/include:/apps/python3/3.11.7/include/python3.11;' export 'CPLUS_INCLUDE_PATH;
C_INCLUDE_PATH=/apps/cudnn/8.9.7-cuda12/include:/apps/cuda/12.2.2/include:/apps/intel-ct/2023.2.0/mkl/include:/apps/python3/3.11.7/include/python3.11;' export 'C_INCLUDE_PATH;
CPATH_modshare=/apps/cuda/12.2.2/include:1:/apps/intel-ct/2023.2.0/mkl/include:1:/apps/cudnn/8.9.7-cuda12/include:1:/apps/python3/3.11.7/include/python3.11:1;' export 'CPATH_modshare;
LD_LIBRARY_PATH_modshare=/apps/cudnn/8.9.7-cuda12/lib:1:/apps/intel-ct/2023.2.0/mkl/lib/intel64:1:/apps/python3/3.11.7/lib:1:/apps/cuda/12.2.2/lib64:1:/apps/cuda/12.2.2/extras/CUPTI/lib64:1;' export 'LD_LIBRARY_PATH_modshare;
LD_RUN_PATH_modshare=/apps/cudnn/8.9.7-cuda12/lib:1:/apps/intel-ct/2023.2.0/mkl/lib/intel64:1:/apps/python3/3.11.7/lib:1:/apps/cuda/12.2.2/lib64:1:/apps/cuda/12.2.2/extras/CUPTI/lib64:1;' export 'LD_RUN_PATH_modshare;
CUDNN_ROOT=/apps/cudnn/8.9.7-cuda12;' export 'CUDNN_ROOT;
_LMFILES__modshare=/apps/Modules/modulefiles/cuda/12.2.2:1:/apps/Modules/modulefiles/cudnn/8.9.7-cuda12:1:/apps/Modules/modulefiles/python3/3.11.7:1:/apps/Modules/modulefiles/intel-mkl/2023.2.0:1;' export '_LMFILES__modshare;
LOADEDMODULES_modshare=cudnn/8.9.7-cuda12:1:python3/3.11.7:1:intel-mkl/2023.2.0:1:cuda/12.2.2:1;' export 'LOADEDMODULES_modshare;
test' '0;'
++ CPLUS_INCLUDE_PATH_modshare=/apps/cuda/12.2.2/include:1:/apps/intel-ct/2023.2.0/mkl/include:1:/apps/cudnn/8.9.7-cuda12/include:1:/apps/python3/3.11.7/include/python3.11:1
++ export CPLUS_INCLUDE_PATH_modshare
++ CPATH=/apps/cudnn/8.9.7-cuda12/include:/apps/cuda/12.2.2/include:/apps/intel-ct/2023.2.0/mkl/include:/apps/python3/3.11.7/include/python3.11
++ export CPATH
++ LD_LIBRARY_PATH=/apps/cudnn/8.9.7-cuda12/lib:/apps/cuda/12.2.2/extras/CUPTI/lib64:/apps/cuda/12.2.2/lib64:/apps/intel-ct/2023.2.0/mkl/lib/intel64:/apps/python3/3.11.7/lib
++ export LD_LIBRARY_PATH
++ LD_RUN_PATH=/apps/cudnn/8.9.7-cuda12/lib:/apps/cuda/12.2.2/extras/CUPTI/lib64:/apps/cuda/12.2.2/lib64:/apps/intel-ct/2023.2.0/mkl/lib/intel64:/apps/python3/3.11.7/lib
++ export LD_RUN_PATH
++ LIBRARY_PATH=/apps/cudnn/8.9.7-cuda12/lib:/apps/cuda/12.2.2/extras/CUPTI/lib64:/apps/cuda/12.2.2/lib64:/apps/intel-ct/2023.2.0/mkl/lib/intel64:/apps/python3/3.11.7/lib
++ export LIBRARY_PATH
++ _LMFILES_=/apps/Modules/modulefiles/intel-mkl/2023.2.0:/apps/Modules/modulefiles/python3/3.11.7:/apps/Modules/modulefiles/cuda/12.2.2:/apps/Modules/modulefiles/cudnn/8.9.7-cuda12
++ export _LMFILES_
++ LOADEDMODULES=intel-mkl/2023.2.0:python3/3.11.7:cuda/12.2.2:cudnn/8.9.7-cuda12
++ export LOADEDMODULES
++ CUDNN_BASE=/apps/cudnn/8.9.7-cuda12
++ export CUDNN_BASE
++ MODULES_LMCONFLICT='intel-mkl/2023.2.0&intel-mkl&o/ld_library_path&o/yes-ld_library_path&o/use-ld_library_path&o/enable-ld_library_path&o/with-ld_library_path&o/no-ld_library_path&o/not-ld_library_path&o/disable-ld_library_path&o/without-ld_library_path&o/ld_run_path&o/yes-ld_run_path&o/use-ld_run_path&o/enable-ld_run_path&o/with-ld_run_path&o/no-ld_run_path&o/not-ld_run_path&o/disable-ld_run_path&o/without-ld_run_path&o/show-debug&o/yes-show-debug&o/use-show-debug&o/enable-show-debug&o/with-show-debug&o/no-show-debug&o/not-show-debug&o/disable-show-debug&o/without-show-debug&o/library_path&o/yes-library_path&o/use-library_path&o/enable-library_path&o/with-library_path&o/no-library_path&o/not-library_path&o/disable-library_path&o/without-library_path&o/append-paths&o/yes-append-paths&o/use-append-paths&o/enable-append-paths&o/with-append-paths&o/no-append-paths&o/not-append-paths&o/disable-append-paths&o/without-append-paths&o/packaged-envvars&o/yes-packaged-envvars&o/use-packaged-envvars&o/enable-packaged-envvars&o/with-packaged-envvars&o/no-packaged-envvars&o/not-packaged-envvars&o/disable-packaged-envvars&o/without-packaged-envvars:python3/3.11.7&python3&o/ld_library_path&o/yes-ld_library_path&o/use-ld_library_path&o/enable-ld_library_path&o/with-ld_library_path&o/no-ld_library_path&o/not-ld_library_path&o/disable-ld_library_path&o/without-ld_library_path&o/ld_run_path&o/yes-ld_run_path&o/use-ld_run_path&o/enable-ld_run_path&o/with-ld_run_path&o/no-ld_run_path&o/not-ld_run_path&o/disable-ld_run_path&o/without-ld_run_path&o/show-debug&o/yes-show-debug&o/use-show-debug&o/enable-show-debug&o/with-show-debug&o/no-show-debug&o/not-show-debug&o/disable-show-debug&o/without-show-debug&o/append-paths&o/yes-append-paths&o/use-append-paths&o/enable-append-paths&o/with-append-paths&o/no-append-paths&o/not-append-paths&o/disable-append-paths&o/without-append-paths&o/library_path&o/yes-library_path&o/use-library_path&o/enable-library_path&o/with-library_path&o/no-library_path&o/not-library_path&o/disable-library_path&o/without-library_path&o/packaged-envvars&o/yes-packaged-envvars&o/use-packaged-envvars&o/enable-packaged-envvars&o/with-packaged-envvars&o/no-packaged-envvars&o/not-packaged-envvars&o/disable-packaged-envvars&o/without-packaged-envvars:cuda/12.2.2&cuda&o/ld_library_path&o/yes-ld_library_path&o/use-ld_library_path&o/enable-ld_library_path&o/with-ld_library_path&o/no-ld_library_path&o/not-ld_library_path&o/disable-ld_library_path&o/without-ld_library_path&o/ld_run_path&o/yes-ld_run_path&o/use-ld_run_path&o/enable-ld_run_path&o/with-ld_run_path&o/no-ld_run_path&o/not-ld_run_path&o/disable-ld_run_path&o/without-ld_run_path&o/show-debug&o/yes-show-debug&o/use-show-debug&o/enable-show-debug&o/with-show-debug&o/no-show-debug&o/not-show-debug&o/disable-show-debug&o/without-show-debug&o/append-paths&o/yes-append-paths&o/use-append-paths&o/enable-append-paths&o/with-append-paths&o/no-append-paths&o/not-append-paths&o/disable-append-paths&o/without-append-paths&o/library_path&o/yes-library_path&o/use-library_path&o/enable-library_path&o/with-library_path&o/no-library_path&o/not-library_path&o/disable-library_path&o/without-library_path&o/packaged-envvars&o/yes-packaged-envvars&o/use-packaged-envvars&o/enable-packaged-envvars&o/with-packaged-envvars&o/no-packaged-envvars&o/not-packaged-envvars&o/disable-packaged-envvars&o/without-packaged-envvars:cudnn/8.9.7-cuda12&cuda/10.1&cuda/11.0.3&cuda/11.2.2&cuda/11.4.1&cuda/11.6.1&cuda/11.7.0&o/ld_library_path&o/yes-ld_library_path&o/use-ld_library_path&o/enable-ld_library_path&o/with-ld_library_path&o/no-ld_library_path&o/not-ld_library_path&o/disable-ld_library_path&o/without-ld_library_path&o/ld_run_path&o/yes-ld_run_path&o/use-ld_run_path&o/enable-ld_run_path&o/with-ld_run_path&o/no-ld_run_path&o/not-ld_run_path&o/disable-ld_run_path&o/without-ld_run_path&o/show-debug&o/yes-show-debug&o/use-show-debug&o/enable-show-debug&o/with-show-debug&o/no-show-debug&o/not-show-debug&o/disable-show-debug&o/without-show-debug&o/append-paths&o/yes-append-paths&o/use-append-paths&o/enable-append-paths&o/with-append-paths&o/no-append-paths&o/not-append-paths&o/disable-append-paths&o/without-append-paths&o/library_path&o/yes-library_path&o/use-library_path&o/enable-library_path&o/with-library_path&o/no-library_path&o/not-library_path&o/disable-library_path&o/without-library_path&o/packaged-envvars&o/yes-packaged-envvars&o/use-packaged-envvars&o/enable-packaged-envvars&o/with-packaged-envvars&o/no-packaged-envvars&o/not-packaged-envvars&o/disable-packaged-envvars&o/without-packaged-envvars'
++ export MODULES_LMCONFLICT
++ LIBRARY_PATH_modshare=/apps/cudnn/8.9.7-cuda12/lib:1:/apps/intel-ct/2023.2.0/mkl/lib/intel64:1:/apps/python3/3.11.7/lib:1:/apps/cuda/12.2.2/lib64:1:/apps/cuda/12.2.2/extras/CUPTI/lib64:1
++ export LIBRARY_PATH_modshare
++ C_INCLUDE_PATH_modshare=/apps/cuda/12.2.2/include:1:/apps/intel-ct/2023.2.0/mkl/include:1:/apps/cudnn/8.9.7-cuda12/include:1:/apps/python3/3.11.7/include/python3.11:1
++ export C_INCLUDE_PATH_modshare
++ MODULES_LMCONFLICT_modshare='cuda/12.2.2&cuda&o/ld_library_path&o/yes-ld_library_path&o/use-ld_library_path&o/enable-ld_library_path&o/with-ld_library_path&o/no-ld_library_path&o/not-ld_library_path&o/disable-ld_library_path&o/without-ld_library_path&o/ld_run_path&o/yes-ld_run_path&o/use-ld_run_path&o/enable-ld_run_path&o/with-ld_run_path&o/no-ld_run_path&o/not-ld_run_path&o/disable-ld_run_path&o/without-ld_run_path&o/show-debug&o/yes-show-debug&o/use-show-debug&o/enable-show-debug&o/with-show-debug&o/no-show-debug&o/not-show-debug&o/disable-show-debug&o/without-show-debug&o/append-paths&o/yes-append-paths&o/use-append-paths&o/enable-append-paths&o/with-append-paths&o/no-append-paths&o/not-append-paths&o/disable-append-paths&o/without-append-paths&o/library_path&o/yes-library_path&o/use-library_path&o/enable-library_path&o/with-library_path&o/no-library_path&o/not-library_path&o/disable-library_path&o/without-library_path&o/packaged-envvars&o/yes-packaged-envvars&o/use-packaged-envvars&o/enable-packaged-envvars&o/with-packaged-envvars&o/no-packaged-envvars&o/not-packaged-envvars&o/disable-packaged-envvars&o/without-packaged-envvars:1:python3/3.11.7&python3&o/ld_library_path&o/yes-ld_library_path&o/use-ld_library_path&o/enable-ld_library_path&o/with-ld_library_path&o/no-ld_library_path&o/not-ld_library_path&o/disable-ld_library_path&o/without-ld_library_path&o/ld_run_path&o/yes-ld_run_path&o/use-ld_run_path&o/enable-ld_run_path&o/with-ld_run_path&o/no-ld_run_path&o/not-ld_run_path&o/disable-ld_run_path&o/without-ld_run_path&o/show-debug&o/yes-show-debug&o/use-show-debug&o/enable-show-debug&o/with-show-debug&o/no-show-debug&o/not-show-debug&o/disable-show-debug&o/without-show-debug&o/append-paths&o/yes-append-paths&o/use-append-paths&o/enable-append-paths&o/with-append-paths&o/no-append-paths&o/not-append-paths&o/disable-append-paths&o/without-append-paths&o/library_path&o/yes-library_path&o/use-library_path&o/enable-library_path&o/with-library_path&o/no-library_path&o/not-library_path&o/disable-library_path&o/without-library_path&o/packaged-envvars&o/yes-packaged-envvars&o/use-packaged-envvars&o/enable-packaged-envvars&o/with-packaged-envvars&o/no-packaged-envvars&o/not-packaged-envvars&o/disable-packaged-envvars&o/without-packaged-envvars:1:cudnn/8.9.7-cuda12&cuda/10.1&cuda/11.0.3&cuda/11.2.2&cuda/11.4.1&cuda/11.6.1&cuda/11.7.0&o/ld_library_path&o/yes-ld_library_path&o/use-ld_library_path&o/enable-ld_library_path&o/with-ld_library_path&o/no-ld_library_path&o/not-ld_library_path&o/disable-ld_library_path&o/without-ld_library_path&o/ld_run_path&o/yes-ld_run_path&o/use-ld_run_path&o/enable-ld_run_path&o/with-ld_run_path&o/no-ld_run_path&o/not-ld_run_path&o/disable-ld_run_path&o/without-ld_run_path&o/show-debug&o/yes-show-debug&o/use-show-debug&o/enable-show-debug&o/with-show-debug&o/no-show-debug&o/not-show-debug&o/disable-show-debug&o/without-show-debug&o/append-paths&o/yes-append-paths&o/use-append-paths&o/enable-append-paths&o/with-append-paths&o/no-append-paths&o/not-append-paths&o/disable-append-paths&o/without-append-paths&o/library_path&o/yes-library_path&o/use-library_path&o/enable-library_path&o/with-library_path&o/no-library_path&o/not-library_path&o/disable-library_path&o/without-library_path&o/packaged-envvars&o/yes-packaged-envvars&o/use-packaged-envvars&o/enable-packaged-envvars&o/with-packaged-envvars&o/no-packaged-envvars&o/not-packaged-envvars&o/disable-packaged-envvars&o/without-packaged-envvars:1:intel-mkl/2023.2.0&intel-mkl&o/ld_library_path&o/yes-ld_library_path&o/use-ld_library_path&o/enable-ld_library_path&o/with-ld_library_path&o/no-ld_library_path&o/not-ld_library_path&o/disable-ld_library_path&o/without-ld_library_path&o/ld_run_path&o/yes-ld_run_path&o/use-ld_run_path&o/enable-ld_run_path&o/with-ld_run_path&o/no-ld_run_path&o/not-ld_run_path&o/disable-ld_run_path&o/without-ld_run_path&o/show-debug&o/yes-show-debug&o/use-show-debug&o/enable-show-debug&o/with-show-debug&o/no-show-debug&o/not-show-debug&o/disable-show-debug&o/without-show-debug&o/library_path&o/yes-library_path&o/use-library_path&o/enable-library_path&o/with-library_path&o/no-library_path&o/not-library_path&o/disable-library_path&o/without-library_path&o/append-paths&o/yes-append-paths&o/use-append-paths&o/enable-append-paths&o/with-append-paths&o/no-append-paths&o/not-append-paths&o/disable-append-paths&o/without-append-paths&o/packaged-envvars&o/yes-packaged-envvars&o/use-packaged-envvars&o/enable-packaged-envvars&o/with-packaged-envvars&o/no-packaged-envvars&o/not-packaged-envvars&o/disable-packaged-envvars&o/without-packaged-envvars:1'
++ export MODULES_LMCONFLICT_modshare
++ CUDNN_VERSION=8.9.7-cuda12
++ export CUDNN_VERSION
++ CPLUS_INCLUDE_PATH=/apps/cudnn/8.9.7-cuda12/include:/apps/cuda/12.2.2/include:/apps/intel-ct/2023.2.0/mkl/include:/apps/python3/3.11.7/include/python3.11
++ export CPLUS_INCLUDE_PATH
++ C_INCLUDE_PATH=/apps/cudnn/8.9.7-cuda12/include:/apps/cuda/12.2.2/include:/apps/intel-ct/2023.2.0/mkl/include:/apps/python3/3.11.7/include/python3.11
++ export C_INCLUDE_PATH
++ CPATH_modshare=/apps/cuda/12.2.2/include:1:/apps/intel-ct/2023.2.0/mkl/include:1:/apps/cudnn/8.9.7-cuda12/include:1:/apps/python3/3.11.7/include/python3.11:1
++ export CPATH_modshare
++ LD_LIBRARY_PATH_modshare=/apps/cudnn/8.9.7-cuda12/lib:1:/apps/intel-ct/2023.2.0/mkl/lib/intel64:1:/apps/python3/3.11.7/lib:1:/apps/cuda/12.2.2/lib64:1:/apps/cuda/12.2.2/extras/CUPTI/lib64:1
++ export LD_LIBRARY_PATH_modshare
++ LD_RUN_PATH_modshare=/apps/cudnn/8.9.7-cuda12/lib:1:/apps/intel-ct/2023.2.0/mkl/lib/intel64:1:/apps/python3/3.11.7/lib:1:/apps/cuda/12.2.2/lib64:1:/apps/cuda/12.2.2/extras/CUPTI/lib64:1
++ export LD_RUN_PATH_modshare
++ CUDNN_ROOT=/apps/cudnn/8.9.7-cuda12
++ export CUDNN_ROOT
++ _LMFILES__modshare=/apps/Modules/modulefiles/cuda/12.2.2:1:/apps/Modules/modulefiles/cudnn/8.9.7-cuda12:1:/apps/Modules/modulefiles/python3/3.11.7:1:/apps/Modules/modulefiles/intel-mkl/2023.2.0:1
++ export _LMFILES__modshare
++ LOADEDMODULES_modshare=cudnn/8.9.7-cuda12:1:python3/3.11.7:1:intel-mkl/2023.2.0:1:cuda/12.2.2:1
++ export LOADEDMODULES_modshare
++ test 0
+ _mlstatus=0
+ '[' -n x ']'
+ IFS=' 	
'
+ unset _mlre _mlv _mlrv _mlIFS
+ '[' -n '' ']'
+ unset _mlshdbg
+ return 0
++ hostname
+ echo 'HOSTNAME: gadi-gpu-v100-0089.gadi.nci.org.au'
HOSTNAME: gadi-gpu-v100-0089.gadi.nci.org.au
+ echo 'PROJECT_DIR: /scratch/mu61/yl8164/quantum_control_rl_server'
PROJECT_DIR: /scratch/mu61/yl8164/quantum_control_rl_server
+ [[ ! -d /scratch/mu61/yl8164/quantum_control_rl_server ]]
+ cd /scratch/mu61/yl8164/quantum_control_rl_server
+ mkdir -p /scratch/mu61/yl8164/quantum_control_rl_server/logs
+ export OMP_NUM_THREADS=1
+ OMP_NUM_THREADS=1
+ export PYTHONUNBUFFERED=1
+ PYTHONUNBUFFERED=1
+ export MPLCONFIGDIR=/tmp/mpl
+ MPLCONFIGDIR=/tmp/mpl
+ mkdir -p /tmp/mpl
++ date +%Y%m%d
+ export H5LOG_FILENAME=20260220_161238579.gadi-pbs.binomial.h5
+ H5LOG_FILENAME=20260220_161238579.gadi-pbs.binomial.h5
+ export DQ_FORCE_GPU=1
+ DQ_FORCE_GPU=1
+ export JAX_PLATFORM_NAME=gpu
+ JAX_PLATFORM_NAME=gpu
+ export XLA_FLAGS=--xla_gpu_cuda_data_dir=/apps/cuda/12.2.2
+ XLA_FLAGS=--xla_gpu_cuda_data_dir=/apps/cuda/12.2.2
+ export QCRL_SERIAL_SIM=0
+ QCRL_SERIAL_SIM=0
+ export N_BOSON=30
+ N_BOSON=30
+ export BINOMIAL_CODE=d3_z
+ BINOMIAL_CODE=d3_z
+ export BINOMIAL_REL_PHASE=
+ BINOMIAL_REL_PHASE=
+ export CHAR_START_MODE=radial_topk
+ CHAR_START_MODE=radial_topk
+ export CHAR_RADIAL_EXP=1.0
+ CHAR_RADIAL_EXP=1.0
+ export CHAR_ALPHA_SCALE=1.0
+ CHAR_ALPHA_SCALE=1.0
+ export CHAR_ALPHA_SCALES=1.0
+ CHAR_ALPHA_SCALES=1.0
+ export CHAR_SAMPLER_MODE=radial_stratified
+ CHAR_SAMPLER_MODE=radial_stratified
+ export CHAR_RADIAL_BINS=12
+ CHAR_RADIAL_BINS=12
+ export CHAR_UNIFORM_MIX=0.20
+ CHAR_UNIFORM_MIX=0.20
+ export CHAR_IMPORTANCE_POWER=1.0
+ CHAR_IMPORTANCE_POWER=1.0
+ export CHAR_REWARD_OBJECTIVE=overlap_real
+ CHAR_REWARD_OBJECTIVE=overlap_real
+ export CHAR_REWARD_OBJECTIVE_STAGE2=
+ CHAR_REWARD_OBJECTIVE_STAGE2=
+ export CHAR_REWARD_SWITCH_EPOCH=-1
+ CHAR_REWARD_SWITCH_EPOCH=-1
+ export CHAR_USE_FIXED_REWARD_NORM=0
+ CHAR_USE_FIXED_REWARD_NORM=0
+ export CHAR_REWARD_SWITCH_MIN_BEST_EVAL=0.90
+ CHAR_REWARD_SWITCH_MIN_BEST_EVAL=0.90
+ export CHAR_REWARD_STAGE2_PATIENCE_EVAL=12
+ CHAR_REWARD_STAGE2_PATIENCE_EVAL=12
+ export CHAR_REWARD_STAGE2_MIN_GAIN=0.01
+ CHAR_REWARD_STAGE2_MIN_GAIN=0.01
+ export CHAR_REWARD_STAGE2_ALLOW_REVERT=1
+ CHAR_REWARD_STAGE2_ALLOW_REVERT=1
+ export CHAR_REWARD_AUTO_RESCALE=1
+ CHAR_REWARD_AUTO_RESCALE=1
+ export CHAR_REWARD_AUTO_RESCALE_TARGET_P90=1.0
+ CHAR_REWARD_AUTO_RESCALE_TARGET_P90=1.0
+ export CHAR_REWARD_AUTO_RESCALE_TRIGGER_P90=3.0
+ CHAR_REWARD_AUTO_RESCALE_TRIGGER_P90=3.0
+ export N_STEPS=120
+ N_STEPS=120
+ export N_SEGMENTS=60
+ N_SEGMENTS=60
+ export T_STEP=10.0
+ T_STEP=10.0
+ export TRAIN_STAGE1_EPOCHS=0
+ TRAIN_STAGE1_EPOCHS=0
+ export TRAIN_STAGE2_EPOCHS=180
+ TRAIN_STAGE2_EPOCHS=180
+ export TRAIN_POINTS_STAGE1=120
+ TRAIN_POINTS_STAGE1=120
+ export TRAIN_POINTS_STAGE2=240
+ TRAIN_POINTS_STAGE2=240
+ export TRAIN_POINTS_STAGE3=1200
+ TRAIN_POINTS_STAGE3=1200
+ export PHASE_CLIP=3.141592653589793
+ PHASE_CLIP=3.141592653589793
+ export AMP_MIN=0.0
+ AMP_MIN=0.0
+ export AMP_MAX=2.0
+ AMP_MAX=2.0
+ export PHASE_ACTION_SCALE=3.141592653589793
+ PHASE_ACTION_SCALE=3.141592653589793
+ export AMP_ACTION_SCALE=1.0
+ AMP_ACTION_SCALE=1.0
+ export LEARN_PHI_R=1
+ LEARN_PHI_R=1
+ export LEARN_PHI_B=1
+ LEARN_PHI_B=1
+ export LEARN_AMP_R=0
+ LEARN_AMP_R=0
+ export LEARN_AMP_B=0
+ LEARN_AMP_B=0
+ export INIT_PULSES_NPZ=
+ INIT_PULSES_NPZ=
+ export INIT_PULSE_BLEND=1.0
+ INIT_PULSE_BLEND=1.0
+ export ACTOR_FC_LAYERS=128,64,32
+ ACTOR_FC_LAYERS=128,64,32
+ export VALUE_FC_LAYERS=
+ VALUE_FC_LAYERS=
+ export PPO_LR=3.0e-4
+ PPO_LR=3.0e-4
+ export PPO_ENTROPY_REG=2.0e-4
+ PPO_ENTROPY_REG=2.0e-4
+ export PPO_INIT_STD=0.12
+ PPO_INIT_STD=0.12
+ export PPO_NUM_POLICY_UPDATES=10
+ PPO_NUM_POLICY_UPDATES=10
+ export RANDOM_SEED=0
+ RANDOM_SEED=0
+ export NUM_EPOCHS=2200
+ NUM_EPOCHS=2200
+ export EVAL_INTERVAL=10
+ EVAL_INTERVAL=10
+ export FINAL_REFINE_SAMPLES=1536
+ FINAL_REFINE_SAMPLES=1536
+ export FINAL_REFINE_ROUNDS=10
+ FINAL_REFINE_ROUNDS=10
+ export FINAL_REFINE_TOPK=48
+ FINAL_REFINE_TOPK=48
+ export FINAL_REFINE_TOP_EVAL_CENTERS=4
+ FINAL_REFINE_TOP_EVAL_CENTERS=4
+ export FINAL_REFINE_SEED=1234
+ FINAL_REFINE_SEED=1234
+ export FINAL_REFINE_SCALE=0.9
+ FINAL_REFINE_SCALE=0.9
+ export FINAL_REFINE_DECAY=0.6
+ FINAL_REFINE_DECAY=0.6
+ export FINAL_REFINE_MIN_SIGMA=0.01
+ FINAL_REFINE_MIN_SIGMA=0.01
+ export FINAL_REFINE_ENABLE_AMP=1
+ FINAL_REFINE_ENABLE_AMP=1
+ export FINAL_REFINE_MIN_SIGMA_AMP=0.02
+ FINAL_REFINE_MIN_SIGMA_AMP=0.02
+ export FINAL_REFINE_INIT_SIGMA_AMP=0.15
+ FINAL_REFINE_INIT_SIGMA_AMP=0.15
+ export FINAL_REFINE_AMP_START_ROUND=3
+ FINAL_REFINE_AMP_START_ROUND=3
+ export FINAL_REFINE_USE_LOC_CENTER=1
+ FINAL_REFINE_USE_LOC_CENTER=1
+ export FINAL_REFINE_USE_TRAIN_CENTER=1
+ FINAL_REFINE_USE_TRAIN_CENTER=1
+ export FINAL_REFINE_FULL_STEPS=1
+ FINAL_REFINE_FULL_STEPS=1
+ export FINAL_REFINE_FULL_SAMPLES=2048
+ FINAL_REFINE_FULL_SAMPLES=2048
+ export FINAL_REFINE_FULL_ROUNDS=8
+ FINAL_REFINE_FULL_ROUNDS=8
+ export FINAL_REFINE_FULL_TOPK=80
+ FINAL_REFINE_FULL_TOPK=80
+ export FINAL_REFINE_FULL_SCALE=0.7
+ FINAL_REFINE_FULL_SCALE=0.7
+ export FINAL_REFINE_FULL_DECAY=0.65
+ FINAL_REFINE_FULL_DECAY=0.65
+ export FINAL_REFINE_FULL_MIN_SIGMA=0.0025
+ FINAL_REFINE_FULL_MIN_SIGMA=0.0025
+ export FINAL_REFINE_FULL_SIGMA_FACTOR=0.6
+ FINAL_REFINE_FULL_SIGMA_FACTOR=0.6
+ export FINAL_REFINE_FULL_ENABLE_AMP=1
+ FINAL_REFINE_FULL_ENABLE_AMP=1
+ export FINAL_REFINE_FULL_MIN_SIGMA_AMP=0.0015
+ FINAL_REFINE_FULL_MIN_SIGMA_AMP=0.0015
+ export FINAL_REFINE_FULL_SIGMA_FACTOR_AMP=0.6
+ FINAL_REFINE_FULL_SIGMA_FACTOR_AMP=0.6
+ cd /scratch/mu61/yl8164/quantum_control_rl_server/examples/trapped_ion_binomial
+ SERVER_PID=133414
+ SERVER_STARTUP_WAIT=600
+ PORT=5555
+ echo 'Waiting for binomial server to open port 5555 (timeout 600s)...'
+ READY=0
++ seq 1 600
+ for _ in $(seq 1 "${SERVER_STARTUP_WAIT}")
+ kill -0 133414
+ command -v ss
+ ss -ltn
+ grep -q :5555
+ sleep 1
+ for _ in $(seq 1 "${SERVER_STARTUP_WAIT}")
+ kill -0 133414
+ command -v ss
+ ss -ltn
+ grep -q :5555
+ sleep 1
+ for _ in $(seq 1 "${SERVER_STARTUP_WAIT}")
+ kill -0 133414
+ command -v ss
+ ss -ltn
+ grep -q :5555
+ sleep 1
+ for _ in $(seq 1 "${SERVER_STARTUP_WAIT}")
+ kill -0 133414
+ command -v ss
+ ss -ltn
+ grep -q :5555
+ sleep 1
+ for _ in $(seq 1 "${SERVER_STARTUP_WAIT}")
+ kill -0 133414
+ command -v ss
+ ss -ltn
+ grep -q :5555
+ sleep 1
+ for _ in $(seq 1 "${SERVER_STARTUP_WAIT}")
+ kill -0 133414
+ command -v ss
+ ss -ltn
+ grep -q :5555
+ sleep 1
+ for _ in $(seq 1 "${SERVER_STARTUP_WAIT}")
+ kill -0 133414
+ command -v ss
+ ss -ltn
+ grep -q :5555
+ sleep 1
+ for _ in $(seq 1 "${SERVER_STARTUP_WAIT}")
+ kill -0 133414
+ command -v ss
+ ss -ltn
+ grep -q :5555
+ sleep 1
+ for _ in $(seq 1 "${SERVER_STARTUP_WAIT}")
+ kill -0 133414
+ command -v ss
+ ss -ltn
+ grep -q :5555
+ sleep 1
+ for _ in $(seq 1 "${SERVER_STARTUP_WAIT}")
+ kill -0 133414
+ command -v ss
+ ss -ltn
+ grep -q :5555
+ sleep 1
+ for _ in $(seq 1 "${SERVER_STARTUP_WAIT}")
+ kill -0 133414
+ command -v ss
+ ss -ltn
+ grep -q :5555
+ sleep 1
+ for _ in $(seq 1 "${SERVER_STARTUP_WAIT}")
+ kill -0 133414
+ command -v ss
+ ss -ltn
+ grep -q :5555
+ sleep 1
+ for _ in $(seq 1 "${SERVER_STARTUP_WAIT}")
+ kill -0 133414
+ command -v ss
+ ss -ltn
+ grep -q :5555
+ READY=1
+ break
+ [[ 1 -ne 1 ]]
+ STATUS=0
+ kill 133414
/local/spool/pbs/mom_priv/jobs/161238579.gadi-pbs.SC: line 194: kill: (133414) - No such process
+ true
+ wait 133414
+ exit 0

======================================================================================
                  Resource Usage on 2026-02-20 22:34:30:
   Job Id:             161238579.gadi-pbs
   Project:            mu61
   Exit Status:        0
   Service Units:      28.68
   NCPUs Requested:    12                  CPU Time Used: 00:53:45        
   Memory Requested:   32.0GB                Memory Used: 10.94GB         
   NGPUs Requested:    1                 GPU Utilisation: 6%              
                                         GPU Memory Used: 24.17GB         
   Walltime Requested: 02:00:00            Walltime Used: 00:47:48        
   JobFS Requested:    50.0GB                 JobFS Used: 31.79KB         
======================================================================================
Waiting for binomial server to open port 5555 (timeout 600s)...
Waiting for binomial server to open port 5555 (timeout 600s)...
Waiting for binomial server to open port 5555 (timeout 600s)...
