+ source /scratch/mu61/yl8164/qcrl_envs/venv_tf/bin/activate
++ deactivate nondestructive
++ '[' -n '' ']'
++ '[' -n '' ']'
++ hash -r
++ '[' -n '' ']'
++ unset VIRTUAL_ENV
++ unset VIRTUAL_ENV_PROMPT
++ '[' '!' nondestructive = nondestructive ']'
++ VIRTUAL_ENV=/scratch/mu61/yl8164/qcrl_envs/venv_tf
++ export VIRTUAL_ENV
++ _OLD_VIRTUAL_PATH=/apps/cuda/12.2.2/bin:/apps/python3/3.11.7/bin:/opt/pbs/default/bin:/opt/nci/bin:/opt/bin:/opt/Modules/v4.3.0/bin:/bin:/usr/bin:/usr/local/sbin:/usr/sbin:/local/pbs/bin
++ PATH=/scratch/mu61/yl8164/qcrl_envs/venv_tf/bin:/apps/cuda/12.2.2/bin:/apps/python3/3.11.7/bin:/opt/pbs/default/bin:/opt/nci/bin:/opt/bin:/opt/Modules/v4.3.0/bin:/bin:/usr/bin:/usr/local/sbin:/usr/sbin:/local/pbs/bin
++ export PATH
++ '[' -n '' ']'
++ '[' -z '' ']'
++ _OLD_VIRTUAL_PS1=
++ PS1='(venv_tf) '
++ export PS1
++ VIRTUAL_ENV_PROMPT='(venv_tf) '
++ export VIRTUAL_ENV_PROMPT
++ hash -r
+ python trapped_ion_binomial_training_server.py
2026-02-21 18:07:08.223980: I tensorflow/core/util/port.cc:113] oneDNN custom operations are on. You may see slightly different numerical results due to floating-point round-off errors from different computation orders. To turn them off, set the environment variable `TF_ENABLE_ONEDNN_OPTS=0`.
2026-02-21 18:07:09.519129: E external/local_xla/xla/stream_executor/cuda/cuda_dnn.cc:9261] Unable to register cuDNN factory: Attempting to register factory for plugin cuDNN when one has already been registered
2026-02-21 18:07:09.519177: E external/local_xla/xla/stream_executor/cuda/cuda_fft.cc:607] Unable to register cuFFT factory: Attempting to register factory for plugin cuFFT when one has already been registered
2026-02-21 18:07:09.667320: E external/local_xla/xla/stream_executor/cuda/cuda_blas.cc:1515] Unable to register cuBLAS factory: Attempting to register factory for plugin cuBLAS when one has already been registered
2026-02-21 18:07:10.137183: I tensorflow/core/platform/cpu_feature_guard.cc:182] This TensorFlow binary is optimized to use available CPU instructions in performance-critical operations.
To enable the following instructions: AVX2 AVX512F AVX512_VNNI FMA, in other operations, rebuild TensorFlow with the appropriate compiler flags.
2026-02-21 18:07:33.179439: W tensorflow/compiler/tf2tensorrt/utils/py_utils.cc:38] TF-TRT Warning: Could not find TensorRT
Gym has been unmaintained since 2022 and does not support NumPy 2.0 amongst other critical functionality.
Please upgrade to Gymnasium, the maintained drop-in replacement of Gym, or contact the authors of your software and request that they upgrade.
See the migration guide at https://gymnasium.farama.org/introduction/migration_guide/ for additional information.
02/21/2026 06:09:32 Connection with: ('127.0.0.1', 33646)
2026-02-21 18:09:33.538030: W tensorflow/core/common_runtime/gpu/gpu_bfc_allocator.cc:47] Overriding orig_value setting because the TF_FORCE_GPU_ALLOW_GROWTH environment variable is set. Original config value was 0.
2026-02-21 18:09:33.538232: I tensorflow/core/common_runtime/gpu/gpu_device.cc:1929] Created device /job:localhost/replica:0/task:0/device:GPU:0 with 6444 MB memory:  -> device: 0, name: Tesla V100-SXM2-32GB, pci bus id: 0000:3e:00.0, compute capability: 7.0
02/21/2026 06:09:36 Only tf.keras.optimizers.Optimiers are well supported, got a non-TF2 optimizer: <tensorflow.python.training.adam.AdamOptimizer object at 0x1473b8d6bbd0>
-------------------
Epoch 0
  Policy steps: 0
  Experience time: 0.00 mins
  Policy train time: 0.00 mins
  Average return: -0.96640
WARNING:tensorflow:From /scratch/mu61/yl8164/quantum_control_rl_server/quantum_control_rl_server/PPO.py:231: ReplayBuffer.gather_all (from tf_agents.replay_buffers.replay_buffer) is deprecated and will be removed in a future version.
Instructions for updating:
Use `as_dataset(..., single_deterministic_pass=True)` instead.
02/21/2026 06:10:35 From /scratch/mu61/yl8164/quantum_control_rl_server/quantum_control_rl_server/PPO.py:231: ReplayBuffer.gather_all (from tf_agents.replay_buffers.replay_buffer) is deprecated and will be removed in a future version.
Instructions for updating:
Use `as_dataset(..., single_deterministic_pass=True)` instead.
-------------------
Epoch 10
  Policy steps: 100
  Experience time: 0.38 mins
  Policy train time: 0.45 mins
  Average return: -0.93265
-------------------
Epoch 20
  Policy steps: 200
  Experience time: 0.55 mins
  Policy train time: 0.46 mins
  Average return: -0.93236
-------------------
Epoch 30
  Policy steps: 300
  Experience time: 0.71 mins
  Policy train time: 0.47 mins
  Average return: -0.93400
-------------------
Epoch 40
  Policy steps: 400
  Experience time: 0.88 mins
  Policy train time: 0.48 mins
  Average return: -0.93311
-------------------
Epoch 50
  Policy steps: 500
  Experience time: 1.04 mins
  Policy train time: 0.48 mins
  Average return: -0.93335
-------------------
Epoch 60
  Policy steps: 600
  Experience time: 1.21 mins
  Policy train time: 0.49 mins
  Average return: -0.93357
-------------------
Epoch 70
  Policy steps: 700
  Experience time: 1.37 mins
  Policy train time: 0.50 mins
  Average return: -0.93373
-------------------
Epoch 80
  Policy steps: 800
  Experience time: 1.53 mins
  Policy train time: 0.50 mins
  Average return: -0.93592
-------------------
Epoch 90
  Policy steps: 900
  Experience time: 1.70 mins
  Policy train time: 0.51 mins
  Average return: -0.93441
-------------------
Epoch 100
  Policy steps: 1000
  Experience time: 1.86 mins
  Policy train time: 0.52 mins
  Average return: -0.93140
-------------------
Epoch 110
  Policy steps: 1100
  Experience time: 2.03 mins
  Policy train time: 0.52 mins
  Average return: -0.93129
-------------------
Epoch 120
  Policy steps: 1200
  Experience time: 2.19 mins
  Policy train time: 0.53 mins
  Average return: -0.93127
-------------------
Epoch 130
  Policy steps: 1300
  Experience time: 2.36 mins
  Policy train time: 0.54 mins
  Average return: -0.93223
-------------------
Epoch 140
  Policy steps: 1400
  Experience time: 2.53 mins
  Policy train time: 0.55 mins
  Average return: -0.93417
-------------------
Epoch 150
  Policy steps: 1500
  Experience time: 2.69 mins
  Policy train time: 0.55 mins
  Average return: -0.93464
-------------------
Epoch 160
  Policy steps: 1600
  Experience time: 2.86 mins
  Policy train time: 0.56 mins
  Average return: -0.93544
-------------------
Epoch 170
  Policy steps: 1700
  Experience time: 3.02 mins
  Policy train time: 0.57 mins
  Average return: -0.93375
-------------------
Epoch 180
  Policy steps: 1800
  Experience time: 3.19 mins
  Policy train time: 0.57 mins
  Average return: -0.93223
-------------------
Epoch 190
  Policy steps: 1900
  Experience time: 3.37 mins
  Policy train time: 0.58 mins
  Average return: -0.93431
-------------------
Epoch 200
  Policy steps: 2000
  Experience time: 3.54 mins
  Policy train time: 0.59 mins
  Average return: -0.93408
-------------------
Epoch 210
  Policy steps: 2100
  Experience time: 3.70 mins
  Policy train time: 0.59 mins
  Average return: -0.93305
-------------------
Epoch 220
  Policy steps: 2200
  Experience time: 3.87 mins
  Policy train time: 0.60 mins
  Average return: -0.93512
-------------------
Epoch 230
  Policy steps: 2300
  Experience time: 4.03 mins
  Policy train time: 0.61 mins
  Average return: -0.93190
-------------------
Epoch 240
  Policy steps: 2400
  Experience time: 4.20 mins
  Policy train time: 0.61 mins
  Average return: -0.93574
-------------------
Epoch 250
  Policy steps: 2500
  Experience time: 4.37 mins
  Policy train time: 0.62 mins
  Average return: -0.93195
-------------------
Epoch 260
  Policy steps: 2600
  Experience time: 4.53 mins
  Policy train time: 0.63 mins
  Average return: -0.93092
-------------------
Epoch 270
  Policy steps: 2700
  Experience time: 4.70 mins
  Policy train time: 0.63 mins
  Average return: -0.93061
-------------------
Epoch 280
  Policy steps: 2800
  Experience time: 4.87 mins
  Policy train time: 0.64 mins
  Average return: -0.93471
-------------------
Epoch 290
  Policy steps: 2900
  Experience time: 5.03 mins
  Policy train time: 0.65 mins
  Average return: -0.93137
-------------------
Epoch 300
  Policy steps: 3000
  Experience time: 5.20 mins
  Policy train time: 0.65 mins
  Average return: -0.92655
-------------------
Epoch 310
  Policy steps: 3100
  Experience time: 5.37 mins
  Policy train time: 0.66 mins
  Average return: -0.92648
-------------------
Epoch 320
  Policy steps: 3200
  Experience time: 5.54 mins
  Policy train time: 0.67 mins
  Average return: -0.92419
-------------------
Epoch 330
  Policy steps: 3300
  Experience time: 5.71 mins
  Policy train time: 0.67 mins
  Average return: -0.92548
-------------------
Epoch 340
  Policy steps: 3400
  Experience time: 5.87 mins
  Policy train time: 0.68 mins
  Average return: -0.92265
-------------------
Epoch 350
  Policy steps: 3500
  Experience time: 6.04 mins
  Policy train time: 0.68 mins
  Average return: -0.92417
-------------------
Epoch 360
  Policy steps: 3600
  Experience time: 6.21 mins
  Policy train time: 0.69 mins
  Average return: -0.90160
-------------------
Epoch 370
  Policy steps: 3700
  Experience time: 6.38 mins
  Policy train time: 0.70 mins
  Average return: -0.89195
-------------------
Epoch 380
  Policy steps: 3800
  Experience time: 6.55 mins
  Policy train time: 0.70 mins
  Average return: -0.84840
-------------------
Epoch 390
  Policy steps: 3900
  Experience time: 6.72 mins
  Policy train time: 0.71 mins
  Average return: -0.71912
-------------------
Epoch 400
  Policy steps: 4000
  Experience time: 6.90 mins
  Policy train time: 0.72 mins
  Average return: -0.61040
-------------------
Epoch 410
  Policy steps: 4100
  Experience time: 7.07 mins
  Policy train time: 0.72 mins
  Average return: -0.57351
-------------------
Epoch 420
  Policy steps: 4200
  Experience time: 7.24 mins
  Policy train time: 0.73 mins
  Average return: -0.58110
-------------------
Epoch 430
  Policy steps: 4300
  Experience time: 7.41 mins
  Policy train time: 0.74 mins
  Average return: -0.55798
-------------------
Epoch 440
  Policy steps: 4400
  Experience time: 7.58 mins
  Policy train time: 0.74 mins
  Average return: -0.53435
-------------------
Epoch 450
  Policy steps: 4500
  Experience time: 7.76 mins
  Policy train time: 0.75 mins
  Average return: -0.45501
-------------------
Epoch 460
  Policy steps: 4600
  Experience time: 7.93 mins
  Policy train time: 0.76 mins
  Average return: -0.46984
-------------------
Epoch 470
  Policy steps: 4700
  Experience time: 8.10 mins
  Policy train time: 0.76 mins
  Average return: -0.44223
-------------------
Epoch 480
  Policy steps: 4800
  Experience time: 8.28 mins
  Policy train time: 0.77 mins
  Average return: -0.39903
-------------------
Epoch 490
  Policy steps: 4900
  Experience time: 8.46 mins
  Policy train time: 0.78 mins
  Average return: -0.40318
-------------------
Epoch 500
  Policy steps: 5000
  Experience time: 8.63 mins
  Policy train time: 0.78 mins
  Average return: -0.38056
-------------------
Epoch 510
  Policy steps: 5100
  Experience time: 8.80 mins
  Policy train time: 0.79 mins
  Average return: -0.34561
-------------------
Epoch 520
  Policy steps: 5200
  Experience time: 8.98 mins
  Policy train time: 0.79 mins
  Average return: -0.38997
-------------------
Epoch 530
  Policy steps: 5300
  Experience time: 9.15 mins
  Policy train time: 0.80 mins
  Average return: -0.33775
-------------------
Epoch 540
  Policy steps: 5400
  Experience time: 9.33 mins
  Policy train time: 0.81 mins
  Average return: -0.33796
-------------------
Epoch 550
  Policy steps: 5500
  Experience time: 9.50 mins
  Policy train time: 0.82 mins
  Average return: -0.31003
-------------------
Epoch 560
  Policy steps: 5600
  Experience time: 9.67 mins
  Policy train time: 0.82 mins
  Average return: -0.33160
-------------------
Epoch 570
  Policy steps: 5700
  Experience time: 9.85 mins
  Policy train time: 0.83 mins
  Average return: -0.26691
-------------------
Epoch 580
  Policy steps: 5800
  Experience time: 10.03 mins
  Policy train time: 0.84 mins
  Average return: -0.29478
-------------------
Epoch 590
  Policy steps: 5900
  Experience time: 10.20 mins
  Policy train time: 0.84 mins
  Average return: -0.32957
-------------------
Epoch 600
  Policy steps: 6000
  Experience time: 10.37 mins
  Policy train time: 0.85 mins
  Average return: -0.33973
-------------------
Epoch 610
  Policy steps: 6100
  Experience time: 10.55 mins
  Policy train time: 0.86 mins
  Average return: -0.24662
-------------------
Epoch 620
  Policy steps: 6200
  Experience time: 10.72 mins
  Policy train time: 0.86 mins
  Average return: -0.25130
-------------------
Epoch 630
  Policy steps: 6300
  Experience time: 10.89 mins
  Policy train time: 0.87 mins
  Average return: -0.23681
-------------------
Epoch 640
  Policy steps: 6400
  Experience time: 11.06 mins
  Policy train time: 0.88 mins
  Average return: -0.26371
-------------------
Epoch 650
  Policy steps: 6500
  Experience time: 11.23 mins
  Policy train time: 0.88 mins
  Average return: -0.27051
-------------------
Epoch 660
  Policy steps: 6600
  Experience time: 11.40 mins
  Policy train time: 0.89 mins
  Average return: -0.18791
-------------------
Epoch 670
  Policy steps: 6700
  Experience time: 11.57 mins
  Policy train time: 0.90 mins
  Average return: -0.21767
-------------------
Epoch 680
  Policy steps: 6800
  Experience time: 11.74 mins
  Policy train time: 0.91 mins
  Average return: -0.17590
-------------------
Epoch 690
  Policy steps: 6900
  Experience time: 11.91 mins
  Policy train time: 0.91 mins
  Average return: -0.12508
-------------------
Epoch 700
  Policy steps: 7000
  Experience time: 12.08 mins
  Policy train time: 0.92 mins
  Average return: -0.17913
-------------------
Epoch 710
  Policy steps: 7100
  Experience time: 12.24 mins
  Policy train time: 0.93 mins
  Average return: -0.13977
-------------------
Epoch 720
  Policy steps: 7200
  Experience time: 12.41 mins
  Policy train time: 0.93 mins
  Average return: -0.15612
-------------------
Epoch 730
  Policy steps: 7300
  Experience time: 12.57 mins
  Policy train time: 0.94 mins
  Average return: -0.16661
-------------------
Epoch 740
  Policy steps: 7400
  Experience time: 12.74 mins
  Policy train time: 0.95 mins
  Average return: -0.04237
-------------------
Epoch 750
  Policy steps: 7500
  Experience time: 12.90 mins
  Policy train time: 0.95 mins
  Average return: -0.06907
-------------------
Epoch 760
  Policy steps: 7600
  Experience time: 13.07 mins
  Policy train time: 0.96 mins
  Average return: -0.07485
-------------------
Epoch 770
  Policy steps: 7700
  Experience time: 13.23 mins
  Policy train time: 0.97 mins
  Average return: 0.03053
-------------------
Epoch 780
  Policy steps: 7800
  Experience time: 13.39 mins
  Policy train time: 0.97 mins
  Average return: 0.06090
-------------------
Epoch 790
  Policy steps: 7900
  Experience time: 13.56 mins
  Policy train time: 0.98 mins
  Average return: -0.05363
-------------------
Epoch 800
  Policy steps: 8000
  Experience time: 13.72 mins
  Policy train time: 0.99 mins
  Average return: 0.02162
-------------------
Epoch 810
  Policy steps: 8100
  Experience time: 13.88 mins
  Policy train time: 0.99 mins
  Average return: 0.04196
-------------------
Epoch 820
  Policy steps: 8200
  Experience time: 14.04 mins
  Policy train time: 1.00 mins
  Average return: 0.04208
-------------------
Epoch 830
  Policy steps: 8300
  Experience time: 14.21 mins
  Policy train time: 1.01 mins
  Average return: 0.12567
-------------------
Epoch 840
  Policy steps: 8400
  Experience time: 14.37 mins
  Policy train time: 1.02 mins
  Average return: 0.12552
-------------------
Epoch 850
  Policy steps: 8500
  Experience time: 14.53 mins
  Policy train time: 1.02 mins
  Average return: 0.16627
-------------------
Epoch 860
  Policy steps: 8600
  Experience time: 14.69 mins
  Policy train time: 1.03 mins
  Average return: 0.12139
-------------------
Epoch 870
  Policy steps: 8700
  Experience time: 14.85 mins
  Policy train time: 1.04 mins
  Average return: 0.13634
-------------------
Epoch 880
  Policy steps: 8800
  Experience time: 15.01 mins
  Policy train time: 1.04 mins
  Average return: 0.15636
-------------------
Epoch 890
  Policy steps: 8900
  Experience time: 15.16 mins
  Policy train time: 1.05 mins
  Average return: 0.18619
-------------------
Epoch 900
  Policy steps: 9000
  Experience time: 15.32 mins
  Policy train time: 1.06 mins
  Average return: 0.21537
-------------------
Epoch 910
  Policy steps: 9100
  Experience time: 15.48 mins
  Policy train time: 1.06 mins
  Average return: 0.21524
-------------------
Epoch 920
  Policy steps: 9200
  Experience time: 15.64 mins
  Policy train time: 1.07 mins
  Average return: 0.11283
-------------------
Epoch 930
  Policy steps: 9300
  Experience time: 15.80 mins
  Policy train time: 1.08 mins
  Average return: 0.20461
-------------------
Epoch 940
  Policy steps: 9400
  Experience time: 15.96 mins
  Policy train time: 1.08 mins
  Average return: 0.25632
-------------------
Epoch 950
  Policy steps: 9500
  Experience time: 16.12 mins
  Policy train time: 1.09 mins
  Average return: 0.31465
-------------------
Epoch 960
  Policy steps: 9600
  Experience time: 16.28 mins
  Policy train time: 1.10 mins
  Average return: 0.27903
-------------------
Epoch 970
  Policy steps: 9700
  Experience time: 16.45 mins
  Policy train time: 1.11 mins
  Average return: 0.24689
-------------------
Epoch 980
  Policy steps: 9800
  Experience time: 16.61 mins
  Policy train time: 1.11 mins
  Average return: 0.24995
-------------------
Epoch 990
  Policy steps: 9900
  Experience time: 16.76 mins
  Policy train time: 1.12 mins
  Average return: 0.37421
-------------------
Epoch 1000
  Policy steps: 10000
  Experience time: 16.92 mins
  Policy train time: 1.13 mins
  Average return: 0.28743
-------------------
Epoch 1010
  Policy steps: 10100
  Experience time: 17.08 mins
  Policy train time: 1.13 mins
  Average return: 0.33945
-------------------
Epoch 1020
  Policy steps: 10200
  Experience time: 17.24 mins
  Policy train time: 1.14 mins
  Average return: 0.37757
-------------------
Epoch 1030
  Policy steps: 10300
  Experience time: 17.40 mins
  Policy train time: 1.15 mins
  Average return: 0.39808
-------------------
Epoch 1040
  Policy steps: 10400
  Experience time: 17.55 mins
  Policy train time: 1.15 mins
  Average return: 0.42334
-------------------
Epoch 1050
  Policy steps: 10500
  Experience time: 17.71 mins
  Policy train time: 1.16 mins
  Average return: 0.42673
-------------------
Epoch 1060
  Policy steps: 10600
  Experience time: 17.87 mins
  Policy train time: 1.17 mins
  Average return: 0.34032
-------------------
Epoch 1070
  Policy steps: 10700
  Experience time: 18.02 mins
  Policy train time: 1.17 mins
  Average return: 0.41384
-------------------
Epoch 1080
  Policy steps: 10800
  Experience time: 18.18 mins
  Policy train time: 1.18 mins
  Average return: 0.47703
-------------------
Epoch 1090
  Policy steps: 10900
  Experience time: 18.34 mins
  Policy train time: 1.19 mins
  Average return: 0.44348
-------------------
Epoch 1100
  Policy steps: 11000
  Experience time: 18.49 mins
  Policy train time: 1.19 mins
  Average return: 0.48730
-------------------
Epoch 1110
  Policy steps: 11100
  Experience time: 18.65 mins
  Policy train time: 1.20 mins
  Average return: 0.44489
-------------------
Epoch 1120
  Policy steps: 11200
  Experience time: 18.81 mins
  Policy train time: 1.21 mins
  Average return: 0.41361
-------------------
Epoch 1130
  Policy steps: 11300
  Experience time: 18.96 mins
  Policy train time: 1.21 mins
  Average return: 0.48313
-------------------
Epoch 1140
  Policy steps: 11400
  Experience time: 19.12 mins
  Policy train time: 1.22 mins
  Average return: 0.49241
-------------------
Epoch 1150
  Policy steps: 11500
  Experience time: 19.28 mins
  Policy train time: 1.23 mins
  Average return: 0.51290
-------------------
Epoch 1160
  Policy steps: 11600
  Experience time: 19.43 mins
  Policy train time: 1.24 mins
  Average return: 0.53642
-------------------
Epoch 1170
  Policy steps: 11700
  Experience time: 19.59 mins
  Policy train time: 1.24 mins
  Average return: 0.59603
-------------------
Epoch 1180
  Policy steps: 11800
  Experience time: 19.75 mins
  Policy train time: 1.25 mins
  Average return: 0.49282
-------------------
Epoch 1190
  Policy steps: 11900
  Experience time: 19.91 mins
  Policy train time: 1.26 mins
  Average return: 0.47932
-------------------
Epoch 1200
  Policy steps: 12000
  Experience time: 20.07 mins
  Policy train time: 1.26 mins
  Average return: 0.60983
-------------------
Epoch 1210
  Policy steps: 12100
  Experience time: 20.23 mins
  Policy train time: 1.27 mins
  Average return: 0.62320
-------------------
Epoch 1220
  Policy steps: 12200
  Experience time: 20.39 mins
  Policy train time: 1.28 mins
  Average return: 0.54150
-------------------
Epoch 1230
  Policy steps: 12300
  Experience time: 20.55 mins
  Policy train time: 1.28 mins
  Average return: 0.56404
-------------------
Epoch 1240
  Policy steps: 12400
  Experience time: 20.71 mins
  Policy train time: 1.29 mins
  Average return: 0.62791
-------------------
Epoch 1250
  Policy steps: 12500
  Experience time: 20.88 mins
  Policy train time: 1.30 mins
  Average return: 0.63451
-------------------
Epoch 1260
  Policy steps: 12600
  Experience time: 21.04 mins
  Policy train time: 1.30 mins
  Average return: 0.52548
-------------------
Epoch 1270
  Policy steps: 12700
  Experience time: 21.20 mins
  Policy train time: 1.31 mins
  Average return: 0.59390
-------------------
Epoch 1280
  Policy steps: 12800
  Experience time: 21.36 mins
  Policy train time: 1.32 mins
  Average return: 0.69836
-------------------
Epoch 1290
  Policy steps: 12900
  Experience time: 21.52 mins
  Policy train time: 1.32 mins
  Average return: 0.59414
-------------------
Epoch 1300
  Policy steps: 13000
  Experience time: 21.68 mins
  Policy train time: 1.33 mins
  Average return: 0.66700
-------------------
Epoch 1310
  Policy steps: 13100
  Experience time: 21.84 mins
  Policy train time: 1.34 mins
  Average return: 0.66921
-------------------
Epoch 1320
  Policy steps: 13200
  Experience time: 22.00 mins
  Policy train time: 1.35 mins
  Average return: 0.65196
-------------------
Epoch 1330
  Policy steps: 13300
  Experience time: 22.16 mins
  Policy train time: 1.35 mins
  Average return: 0.77682
-------------------
Epoch 1340
  Policy steps: 13400
  Experience time: 22.32 mins
  Policy train time: 1.36 mins
  Average return: 0.77131
-------------------
Epoch 1350
  Policy steps: 13500
  Experience time: 22.48 mins
  Policy train time: 1.37 mins
  Average return: 0.67494
-------------------
Epoch 1360
  Policy steps: 13600
  Experience time: 22.64 mins
  Policy train time: 1.37 mins
  Average return: 0.67429
-------------------
Epoch 1370
  Policy steps: 13700
  Experience time: 22.80 mins
  Policy train time: 1.38 mins
  Average return: 0.77637
-------------------
Epoch 1380
  Policy steps: 13800
  Experience time: 22.97 mins
  Policy train time: 1.39 mins
  Average return: 0.72494
-------------------
Epoch 1390
  Policy steps: 13900
  Experience time: 23.12 mins
  Policy train time: 1.39 mins
  Average return: 0.62755
-------------------
Epoch 1400
  Policy steps: 14000
  Experience time: 23.28 mins
  Policy train time: 1.40 mins
  Average return: 0.73136
-------------------
Epoch 1410
  Policy steps: 14100
  Experience time: 23.44 mins
  Policy train time: 1.41 mins
  Average return: 0.74155
-------------------
Epoch 1420
  Policy steps: 14200
  Experience time: 23.60 mins
  Policy train time: 1.41 mins
  Average return: 0.72784
-------------------
Epoch 1430
  Policy steps: 14300
  Experience time: 23.76 mins
  Policy train time: 1.42 mins
  Average return: 0.73480
-------------------
Epoch 1440
  Policy steps: 14400
  Experience time: 23.92 mins
  Policy train time: 1.43 mins
  Average return: 0.68185
-------------------
Epoch 1450
  Policy steps: 14500
  Experience time: 24.08 mins
  Policy train time: 1.43 mins
  Average return: 0.73090
-------------------
Epoch 1460
  Policy steps: 14600
  Experience time: 24.24 mins
  Policy train time: 1.44 mins
  Average return: 0.69901
-------------------
Epoch 1470
  Policy steps: 14700
  Experience time: 24.40 mins
  Policy train time: 1.45 mins
  Average return: 0.76741
-------------------
Epoch 1480
  Policy steps: 14800
  Experience time: 24.56 mins
  Policy train time: 1.46 mins
  Average return: 0.77438
-------------------
Epoch 1490
  Policy steps: 14900
  Experience time: 24.73 mins
  Policy train time: 1.46 mins
  Average return: 0.76120
-------------------
Epoch 1500
  Policy steps: 15000
  Experience time: 24.89 mins
  Policy train time: 1.47 mins
  Average return: 0.77883
-------------------
Epoch 1510
  Policy steps: 15100
  Experience time: 25.05 mins
  Policy train time: 1.48 mins
  Average return: 0.76261
-------------------
Epoch 1520
  Policy steps: 15200
  Experience time: 25.21 mins
  Policy train time: 1.48 mins
  Average return: 0.77626
-------------------
Epoch 1530
  Policy steps: 15300
  Experience time: 25.37 mins
  Policy train time: 1.49 mins
  Average return: 0.71904
-------------------
Epoch 1540
  Policy steps: 15400
  Experience time: 25.53 mins
  Policy train time: 1.50 mins
  Average return: 0.73465
-------------------
Epoch 1550
  Policy steps: 15500
  Experience time: 25.69 mins
  Policy train time: 1.50 mins
  Average return: 0.80767
-------------------
Epoch 1560
  Policy steps: 15600
  Experience time: 25.85 mins
  Policy train time: 1.51 mins
  Average return: 0.69994
-------------------
Epoch 1570
  Policy steps: 15700
  Experience time: 26.00 mins
  Policy train time: 1.52 mins
  Average return: 0.74774
-------------------
Epoch 1580
  Policy steps: 15800
  Experience time: 26.16 mins
  Policy train time: 1.52 mins
  Average return: 0.77128
-------------------
Epoch 1590
  Policy steps: 15900
  Experience time: 26.32 mins
  Policy train time: 1.53 mins
  Average return: 0.73860
-------------------
Epoch 1600
  Policy steps: 16000
  Experience time: 26.48 mins
  Policy train time: 1.54 mins
  Average return: 0.84647
-------------------
Epoch 1610
  Policy steps: 16100
  Experience time: 26.64 mins
  Policy train time: 1.54 mins
  Average return: 0.82108
-------------------
Epoch 1620
  Policy steps: 16200
  Experience time: 26.80 mins
  Policy train time: 1.55 mins
  Average return: 0.79124
-------------------
Epoch 1630
  Policy steps: 16300
  Experience time: 26.95 mins
  Policy train time: 1.56 mins
  Average return: 0.78465
-------------------
Epoch 1640
  Policy steps: 16400
  Experience time: 27.11 mins
  Policy train time: 1.57 mins
  Average return: 0.73999
-------------------
Epoch 1650
  Policy steps: 16500
  Experience time: 27.27 mins
  Policy train time: 1.57 mins
  Average return: 0.68940
-------------------
Epoch 1660
  Policy steps: 16600
  Experience time: 27.43 mins
  Policy train time: 1.58 mins
  Average return: 0.77092
-------------------
Epoch 1670
  Policy steps: 16700
  Experience time: 27.59 mins
  Policy train time: 1.59 mins
  Average return: 0.83937
-------------------
Epoch 1680
  Policy steps: 16800
  Experience time: 27.76 mins
  Policy train time: 1.59 mins
  Average return: 0.78287
-------------------
Epoch 1690
  Policy steps: 16900
  Experience time: 27.92 mins
  Policy train time: 1.60 mins
  Average return: 0.80395
-------------------
Epoch 1700
  Policy steps: 17000
  Experience time: 28.08 mins
  Policy train time: 1.61 mins
  Average return: 0.69694
-------------------
Epoch 1710
  Policy steps: 17100
  Experience time: 28.24 mins
  Policy train time: 1.61 mins
  Average return: 0.85027
-------------------
Epoch 1720
  Policy steps: 17200
  Experience time: 28.41 mins
  Policy train time: 1.62 mins
  Average return: 0.81955
-------------------
Epoch 1730
  Policy steps: 17300
  Experience time: 28.57 mins
  Policy train time: 1.63 mins
  Average return: 0.81339
-------------------
Epoch 1740
  Policy steps: 17400
  Experience time: 28.73 mins
  Policy train time: 1.63 mins
  Average return: 0.74556
-------------------
Epoch 1750
  Policy steps: 17500
  Experience time: 28.89 mins
  Policy train time: 1.64 mins
  Average return: 0.76742
-------------------
Epoch 1760
  Policy steps: 17600
  Experience time: 29.05 mins
  Policy train time: 1.65 mins
  Average return: 0.80090
-------------------
Epoch 1770
  Policy steps: 17700
  Experience time: 29.21 mins
  Policy train time: 1.66 mins
  Average return: 0.80365
-------------------
Epoch 1780
  Policy steps: 17800
  Experience time: 29.36 mins
  Policy train time: 1.66 mins
  Average return: 0.75932
-------------------
Epoch 1790
  Policy steps: 17900
  Experience time: 29.52 mins
  Policy train time: 1.67 mins
  Average return: 0.75692
-------------------
Epoch 1800
  Policy steps: 18000
  Experience time: 29.68 mins
  Policy train time: 1.68 mins
  Average return: 0.83126
-------------------
Epoch 1810
  Policy steps: 18100
  Experience time: 29.84 mins
  Policy train time: 1.68 mins
  Average return: 0.88452
-------------------
Epoch 1820
  Policy steps: 18200
  Experience time: 29.99 mins
  Policy train time: 1.69 mins
  Average return: 0.83433
-------------------
Epoch 1830
  Policy steps: 18300
  Experience time: 30.15 mins
  Policy train time: 1.70 mins
  Average return: 0.82223
-------------------
Epoch 1840
  Policy steps: 18400
  Experience time: 30.31 mins
  Policy train time: 1.70 mins
  Average return: 0.86524
-------------------
Epoch 1850
  Policy steps: 18500
  Experience time: 30.47 mins
  Policy train time: 1.71 mins
  Average return: 0.83154
-------------------
Epoch 1860
  Policy steps: 18600
  Experience time: 30.62 mins
  Policy train time: 1.72 mins
  Average return: 0.82515
-------------------
Epoch 1870
  Policy steps: 18700
  Experience time: 30.78 mins
  Policy train time: 1.72 mins
  Average return: 0.86020
-------------------
Epoch 1880
  Policy steps: 18800
  Experience time: 30.94 mins
  Policy train time: 1.73 mins
  Average return: 0.87778
-------------------
Epoch 1890
  Policy steps: 18900
  Experience time: 31.10 mins
  Policy train time: 1.74 mins
  Average return: 0.77342
-------------------
Epoch 1900
  Policy steps: 19000
  Experience time: 31.26 mins
  Policy train time: 1.75 mins
  Average return: 0.77374
-------------------
Epoch 1910
  Policy steps: 19100
  Experience time: 31.42 mins
  Policy train time: 1.75 mins
  Average return: 0.85010
-------------------
Epoch 1920
  Policy steps: 19200
  Experience time: 31.58 mins
  Policy train time: 1.76 mins
  Average return: 0.78998
-------------------
Epoch 1930
  Policy steps: 19300
  Experience time: 31.73 mins
  Policy train time: 1.77 mins
  Average return: 0.84214
-------------------
Epoch 1940
  Policy steps: 19400
  Experience time: 31.89 mins
  Policy train time: 1.77 mins
  Average return: 0.81471
-------------------
Epoch 1950
  Policy steps: 19500
  Experience time: 32.05 mins
  Policy train time: 1.78 mins
  Average return: 0.82346
-------------------
Epoch 1960
  Policy steps: 19600
  Experience time: 32.21 mins
  Policy train time: 1.79 mins
  Average return: 0.74418
-------------------
Epoch 1970
  Policy steps: 19700
  Experience time: 32.37 mins
  Policy train time: 1.79 mins
  Average return: 0.73838
-------------------
Epoch 1980
  Policy steps: 19800
  Experience time: 32.53 mins
  Policy train time: 1.80 mins
  Average return: 0.82835
-------------------
Epoch 1990
  Policy steps: 19900
  Experience time: 32.68 mins
  Policy train time: 1.81 mins
  Average return: 0.78626
-------------------
Epoch 2000
  Policy steps: 20000
  Experience time: 32.84 mins
  Policy train time: 1.81 mins
  Average return: 0.84834
-------------------
Epoch 2010
  Policy steps: 20100
  Experience time: 32.99 mins
  Policy train time: 1.82 mins
  Average return: 0.89098
-------------------
Epoch 2020
  Policy steps: 20200
  Experience time: 33.15 mins
  Policy train time: 1.83 mins
  Average return: 0.86653
-------------------
Epoch 2030
  Policy steps: 20300
  Experience time: 33.31 mins
  Policy train time: 1.83 mins
  Average return: 0.82150
-------------------
Epoch 2040
  Policy steps: 20400
  Experience time: 33.46 mins
  Policy train time: 1.84 mins
  Average return: 0.75675
-------------------
Epoch 2050
  Policy steps: 20500
  Experience time: 33.61 mins
  Policy train time: 1.85 mins
  Average return: 0.82146
-------------------
Epoch 2060
  Policy steps: 20600
  Experience time: 33.77 mins
  Policy train time: 1.86 mins
  Average return: 0.78490
-------------------
Epoch 2070
  Policy steps: 20700
  Experience time: 33.92 mins
  Policy train time: 1.86 mins
  Average return: 0.86013
-------------------
Epoch 2080
  Policy steps: 20800
  Experience time: 34.08 mins
  Policy train time: 1.87 mins
  Average return: 0.80992
-------------------
Epoch 2090
  Policy steps: 20900
  Experience time: 34.23 mins
  Policy train time: 1.88 mins
  Average return: 0.80217
-------------------
Epoch 2100
  Policy steps: 21000
  Experience time: 34.39 mins
  Policy train time: 1.88 mins
  Average return: 0.86668
-------------------
Epoch 2110
  Policy steps: 21100
  Experience time: 34.54 mins
  Policy train time: 1.89 mins
  Average return: 0.82619
-------------------
Epoch 2120
  Policy steps: 21200
  Experience time: 34.70 mins
  Policy train time: 1.90 mins
  Average return: 0.81668
-------------------
Epoch 2130
  Policy steps: 21300
  Experience time: 34.86 mins
  Policy train time: 1.90 mins
  Average return: 0.81300
-------------------
Epoch 2140
  Policy steps: 21400
  Experience time: 35.01 mins
  Policy train time: 1.91 mins
  Average return: 0.81419
-------------------
Epoch 2150
  Policy steps: 21500
  Experience time: 35.17 mins
  Policy train time: 1.92 mins
  Average return: 0.82626
-------------------
Epoch 2160
  Policy steps: 21600
  Experience time: 35.33 mins
  Policy train time: 1.92 mins
  Average return: 0.86416
-------------------
Epoch 2170
  Policy steps: 21700
  Experience time: 35.48 mins
  Policy train time: 1.93 mins
  Average return: 0.82426
-------------------
Epoch 2180
  Policy steps: 21800
  Experience time: 35.64 mins
  Policy train time: 1.94 mins
  Average return: 0.85761
-------------------
Epoch 2190
  Policy steps: 21900
  Experience time: 35.80 mins
  Policy train time: 1.95 mins
  Average return: 0.78538
-------------------
Epoch 2200
  Policy steps: 22000
  Experience time: 35.95 mins
  Policy train time: 1.95 mins
  Average return: 0.82875
