+ source /scratch/mu61/yl8164/qcrl_envs/venv_tf/bin/activate
++ deactivate nondestructive
++ '[' -n '' ']'
++ '[' -n '' ']'
++ hash -r
++ '[' -n '' ']'
++ unset VIRTUAL_ENV
++ unset VIRTUAL_ENV_PROMPT
++ '[' '!' nondestructive = nondestructive ']'
++ VIRTUAL_ENV=/scratch/mu61/yl8164/qcrl_envs/venv_tf
++ export VIRTUAL_ENV
++ _OLD_VIRTUAL_PATH=/apps/cuda/12.2.2/bin:/apps/python3/3.11.7/bin:/opt/pbs/default/bin:/opt/nci/bin:/opt/bin:/opt/Modules/v4.3.0/bin:/bin:/usr/bin:/usr/local/sbin:/usr/sbin:/local/pbs/bin
++ PATH=/scratch/mu61/yl8164/qcrl_envs/venv_tf/bin:/apps/cuda/12.2.2/bin:/apps/python3/3.11.7/bin:/opt/pbs/default/bin:/opt/nci/bin:/opt/bin:/opt/Modules/v4.3.0/bin:/bin:/usr/bin:/usr/local/sbin:/usr/sbin:/local/pbs/bin
++ export PATH
++ '[' -n '' ']'
++ '[' -z '' ']'
++ _OLD_VIRTUAL_PS1=
++ PS1='(venv_tf) '
++ export PS1
++ VIRTUAL_ENV_PROMPT='(venv_tf) '
++ export VIRTUAL_ENV_PROMPT
++ hash -r
+ python trapped_ion_gkp_training_server.py
2026-02-13 23:20:05.579402: I tensorflow/core/util/port.cc:113] oneDNN custom operations are on. You may see slightly different numerical results due to floating-point round-off errors from different computation orders. To turn them off, set the environment variable `TF_ENABLE_ONEDNN_OPTS=0`.
2026-02-13 23:20:06.918797: E external/local_xla/xla/stream_executor/cuda/cuda_dnn.cc:9261] Unable to register cuDNN factory: Attempting to register factory for plugin cuDNN when one has already been registered
2026-02-13 23:20:06.918849: E external/local_xla/xla/stream_executor/cuda/cuda_fft.cc:607] Unable to register cuFFT factory: Attempting to register factory for plugin cuFFT when one has already been registered
2026-02-13 23:20:07.061056: E external/local_xla/xla/stream_executor/cuda/cuda_blas.cc:1515] Unable to register cuBLAS factory: Attempting to register factory for plugin cuBLAS when one has already been registered
2026-02-13 23:20:07.547529: I tensorflow/core/platform/cpu_feature_guard.cc:182] This TensorFlow binary is optimized to use available CPU instructions in performance-critical operations.
To enable the following instructions: AVX2 AVX512F AVX512_VNNI FMA, in other operations, rebuild TensorFlow with the appropriate compiler flags.
2026-02-13 23:20:29.402455: W tensorflow/compiler/tf2tensorrt/utils/py_utils.cc:38] TF-TRT Warning: Could not find TensorRT
Gym has been unmaintained since 2022 and does not support NumPy 2.0 amongst other critical functionality.
Please upgrade to Gymnasium, the maintained drop-in replacement of Gym, or contact the authors of your software and request that they upgrade.
See the migration guide at https://gymnasium.farama.org/introduction/migration_guide/ for additional information.
02/13/2026 11:22:09 Connection with: ('127.0.0.1', 48648)
2026-02-13 23:22:10.424259: W tensorflow/core/common_runtime/gpu/gpu_bfc_allocator.cc:47] Overriding orig_value setting because the TF_FORCE_GPU_ALLOW_GROWTH environment variable is set. Original config value was 0.
2026-02-13 23:22:10.424469: I tensorflow/core/common_runtime/gpu/gpu_device.cc:1929] Created device /job:localhost/replica:0/task:0/device:GPU:0 with 6436 MB memory:  -> device: 0, name: Tesla V100-SXM2-32GB, pci bus id: 0000:b1:00.0, compute capability: 7.0
02/13/2026 11:22:13 Only tf.keras.optimizers.Optimiers are well supported, got a non-TF2 optimizer: <tensorflow.python.training.adam.AdamOptimizer object at 0x14f5cc1bf790>
-------------------
Epoch 0
  Policy steps: 0
  Experience time: 0.00 mins
  Policy train time: 0.00 mins
  Average return: -0.00827
WARNING:tensorflow:From /scratch/mu61/yl8164/quantum_control_rl_server/quantum_control_rl_server/PPO.py:231: ReplayBuffer.gather_all (from tf_agents.replay_buffers.replay_buffer) is deprecated and will be removed in a future version.
Instructions for updating:
Use `as_dataset(..., single_deterministic_pass=True)` instead.
02/13/2026 11:23:34 From /scratch/mu61/yl8164/quantum_control_rl_server/quantum_control_rl_server/PPO.py:231: ReplayBuffer.gather_all (from tf_agents.replay_buffers.replay_buffer) is deprecated and will be removed in a future version.
Instructions for updating:
Use `as_dataset(..., single_deterministic_pass=True)` instead.
-------------------
Epoch 10
  Policy steps: 100
  Experience time: 0.34 mins
  Policy train time: 0.47 mins
  Average return: 0.00672
-------------------
Epoch 20
  Policy steps: 200
  Experience time: 0.48 mins
  Policy train time: 0.48 mins
  Average return: 0.00809
-------------------
Epoch 30
  Policy steps: 300
  Experience time: 0.62 mins
  Policy train time: 0.49 mins
  Average return: 0.00929
-------------------
Epoch 40
  Policy steps: 400
  Experience time: 0.76 mins
  Policy train time: 0.49 mins
  Average return: 0.01175
-------------------
Epoch 50
  Policy steps: 500
  Experience time: 0.90 mins
  Policy train time: 0.50 mins
  Average return: 0.01425
-------------------
Epoch 60
  Policy steps: 600
  Experience time: 1.04 mins
  Policy train time: 0.51 mins
  Average return: 0.01679
-------------------
Epoch 70
  Policy steps: 700
  Experience time: 1.18 mins
  Policy train time: 0.52 mins
  Average return: 0.01693
-------------------
Epoch 80
  Policy steps: 800
  Experience time: 1.32 mins
  Policy train time: 0.52 mins
  Average return: 0.01641
-------------------
Epoch 90
  Policy steps: 900
  Experience time: 1.46 mins
  Policy train time: 0.53 mins
  Average return: 0.01758
-------------------
Epoch 100
  Policy steps: 1000
  Experience time: 1.60 mins
  Policy train time: 0.54 mins
  Average return: 0.02127
-------------------
Epoch 110
  Policy steps: 1100
  Experience time: 1.74 mins
  Policy train time: 0.54 mins
  Average return: 0.02434
-------------------
Epoch 120
  Policy steps: 1200
  Experience time: 1.88 mins
  Policy train time: 0.55 mins
  Average return: 0.02671
-------------------
Epoch 130
  Policy steps: 1300
  Experience time: 2.02 mins
  Policy train time: 0.56 mins
  Average return: 0.03423
-------------------
Epoch 140
  Policy steps: 1400
  Experience time: 2.16 mins
  Policy train time: 0.56 mins
  Average return: 0.04406
-------------------
Epoch 150
  Policy steps: 1500
  Experience time: 2.30 mins
  Policy train time: 0.57 mins
  Average return: 0.05565
-------------------
Epoch 160
  Policy steps: 1600
  Experience time: 2.44 mins
  Policy train time: 0.58 mins
  Average return: 0.06107
-------------------
Epoch 170
  Policy steps: 1700
  Experience time: 2.58 mins
  Policy train time: 0.58 mins
  Average return: 0.07257
-------------------
Epoch 180
  Policy steps: 1800
  Experience time: 2.72 mins
  Policy train time: 0.59 mins
  Average return: 0.08965
-------------------
Epoch 190
  Policy steps: 1900
  Experience time: 2.87 mins
  Policy train time: 0.60 mins
  Average return: 0.10625
-------------------
Epoch 200
  Policy steps: 2000
  Experience time: 3.01 mins
  Policy train time: 0.60 mins
  Average return: 0.12143
-------------------
Epoch 210
  Policy steps: 2100
  Experience time: 3.15 mins
  Policy train time: 0.61 mins
  Average return: 0.13361
-------------------
Epoch 220
  Policy steps: 2200
  Experience time: 3.30 mins
  Policy train time: 0.62 mins
  Average return: 0.14967
-------------------
Epoch 230
  Policy steps: 2300
  Experience time: 3.44 mins
  Policy train time: 0.62 mins
  Average return: 0.18910
-------------------
Epoch 240
  Policy steps: 2400
  Experience time: 3.58 mins
  Policy train time: 0.63 mins
  Average return: 0.28647
-------------------
Epoch 250
  Policy steps: 2500
  Experience time: 3.72 mins
  Policy train time: 0.64 mins
  Average return: 0.37963
-------------------
Epoch 260
  Policy steps: 2600
  Experience time: 3.86 mins
  Policy train time: 0.64 mins
  Average return: 0.39254
-------------------
Epoch 270
  Policy steps: 2700
  Experience time: 4.00 mins
  Policy train time: 0.65 mins
  Average return: 0.40163
-------------------
Epoch 280
  Policy steps: 2800
  Experience time: 4.14 mins
  Policy train time: 0.66 mins
  Average return: 0.42110
-------------------
Epoch 290
  Policy steps: 2900
  Experience time: 4.28 mins
  Policy train time: 0.66 mins
  Average return: 0.43607
-------------------
Epoch 300
  Policy steps: 3000
  Experience time: 4.41 mins
  Policy train time: 0.67 mins
  Average return: 0.45565
-------------------
Epoch 310
  Policy steps: 3100
  Experience time: 4.55 mins
  Policy train time: 0.68 mins
  Average return: 0.47991
-------------------
Epoch 320
  Policy steps: 3200
  Experience time: 4.69 mins
  Policy train time: 0.68 mins
  Average return: 0.49638
-------------------
Epoch 330
  Policy steps: 3300
  Experience time: 4.83 mins
  Policy train time: 0.69 mins
  Average return: 0.50171
-------------------
Epoch 340
  Policy steps: 3400
  Experience time: 4.96 mins
  Policy train time: 0.70 mins
  Average return: 0.50905
-------------------
Epoch 350
  Policy steps: 3500
  Experience time: 5.10 mins
  Policy train time: 0.70 mins
  Average return: 0.52047
-------------------
Epoch 360
  Policy steps: 3600
  Experience time: 5.24 mins
  Policy train time: 0.71 mins
  Average return: 0.51601
-------------------
Epoch 370
  Policy steps: 3700
  Experience time: 5.37 mins
  Policy train time: 0.72 mins
  Average return: 0.52556
-------------------
Epoch 380
  Policy steps: 3800
  Experience time: 5.51 mins
  Policy train time: 0.72 mins
  Average return: 0.53298
-------------------
Epoch 390
  Policy steps: 3900
  Experience time: 5.65 mins
  Policy train time: 0.73 mins
  Average return: 0.53263
-------------------
Epoch 400
  Policy steps: 4000
  Experience time: 5.78 mins
  Policy train time: 0.74 mins
  Average return: 0.53228
-------------------
Epoch 410
  Policy steps: 4100
  Experience time: 5.92 mins
  Policy train time: 0.74 mins
  Average return: 0.53857
-------------------
Epoch 420
  Policy steps: 4200
  Experience time: 6.06 mins
  Policy train time: 0.75 mins
  Average return: 0.55303
-------------------
Epoch 430
  Policy steps: 4300
  Experience time: 6.20 mins
  Policy train time: 0.76 mins
  Average return: 0.55656
-------------------
Epoch 440
  Policy steps: 4400
  Experience time: 6.34 mins
  Policy train time: 0.76 mins
  Average return: 0.56106
-------------------
Epoch 450
  Policy steps: 4500
  Experience time: 6.47 mins
  Policy train time: 0.77 mins
  Average return: 0.56019
-------------------
Epoch 460
  Policy steps: 4600
  Experience time: 6.61 mins
  Policy train time: 0.78 mins
  Average return: 0.56763
-------------------
Epoch 470
  Policy steps: 4700
  Experience time: 6.74 mins
  Policy train time: 0.79 mins
  Average return: 0.56703
-------------------
Epoch 480
  Policy steps: 4800
  Experience time: 6.89 mins
  Policy train time: 0.79 mins
  Average return: 0.57488
-------------------
Epoch 490
  Policy steps: 4900
  Experience time: 7.03 mins
  Policy train time: 0.80 mins
  Average return: 0.58074
-------------------
Epoch 500
  Policy steps: 5000
  Experience time: 7.17 mins
  Policy train time: 0.81 mins
  Average return: 0.57904
-------------------
Epoch 510
  Policy steps: 5100
  Experience time: 7.30 mins
  Policy train time: 0.81 mins
  Average return: 0.58021
-------------------
Epoch 520
  Policy steps: 5200
  Experience time: 7.44 mins
  Policy train time: 0.82 mins
  Average return: 0.58312
-------------------
Epoch 530
  Policy steps: 5300
  Experience time: 7.57 mins
  Policy train time: 0.83 mins
  Average return: 0.58475
-------------------
Epoch 540
  Policy steps: 5400
  Experience time: 7.71 mins
  Policy train time: 0.84 mins
  Average return: 0.58590
-------------------
Epoch 550
  Policy steps: 5500
  Experience time: 7.85 mins
  Policy train time: 0.84 mins
  Average return: 0.58857
-------------------
Epoch 560
  Policy steps: 5600
  Experience time: 7.98 mins
  Policy train time: 0.85 mins
  Average return: 0.59223
-------------------
Epoch 570
  Policy steps: 5700
  Experience time: 8.14 mins
  Policy train time: 0.86 mins
  Average return: 0.60037
-------------------
Epoch 580
  Policy steps: 5800
  Experience time: 8.30 mins
  Policy train time: 0.86 mins
  Average return: 0.60519
-------------------
Epoch 590
  Policy steps: 5900
  Experience time: 8.46 mins
  Policy train time: 0.87 mins
  Average return: 0.60936
-------------------
Epoch 600
  Policy steps: 6000
  Experience time: 8.63 mins
  Policy train time: 0.88 mins
  Average return: 0.61377
-------------------
Epoch 610
  Policy steps: 6100
  Experience time: 8.79 mins
  Policy train time: 0.88 mins
  Average return: 0.61598
-------------------
Epoch 620
  Policy steps: 6200
  Experience time: 8.93 mins
  Policy train time: 0.89 mins
  Average return: 0.61894
-------------------
Epoch 630
  Policy steps: 6300
  Experience time: 9.07 mins
  Policy train time: 0.90 mins
  Average return: 0.62234
-------------------
Epoch 640
  Policy steps: 6400
  Experience time: 9.21 mins
  Policy train time: 0.91 mins
  Average return: 0.62498
-------------------
Epoch 650
  Policy steps: 6500
  Experience time: 9.35 mins
  Policy train time: 0.91 mins
  Average return: 0.62934
-------------------
Epoch 660
  Policy steps: 6600
  Experience time: 9.51 mins
  Policy train time: 0.92 mins
  Average return: 0.62475
-------------------
Epoch 670
  Policy steps: 6700
  Experience time: 9.64 mins
  Policy train time: 0.93 mins
  Average return: 0.63181
-------------------
Epoch 680
  Policy steps: 6800
  Experience time: 9.78 mins
  Policy train time: 0.93 mins
  Average return: 0.63344
-------------------
Epoch 690
  Policy steps: 6900
  Experience time: 9.91 mins
  Policy train time: 0.94 mins
  Average return: 0.63165
-------------------
Epoch 700
  Policy steps: 7000
  Experience time: 10.05 mins
  Policy train time: 0.95 mins
  Average return: 0.63593
-------------------
Epoch 710
  Policy steps: 7100
  Experience time: 10.18 mins
  Policy train time: 0.96 mins
  Average return: 0.64169
-------------------
Epoch 720
  Policy steps: 7200
  Experience time: 10.32 mins
  Policy train time: 0.96 mins
  Average return: 0.65251
-------------------
Epoch 730
  Policy steps: 7300
  Experience time: 10.46 mins
  Policy train time: 0.97 mins
  Average return: 0.65924
-------------------
Epoch 740
  Policy steps: 7400
  Experience time: 10.62 mins
  Policy train time: 0.98 mins
  Average return: 0.66352
-------------------
Epoch 750
  Policy steps: 7500
  Experience time: 10.78 mins
  Policy train time: 0.98 mins
  Average return: 0.66882
-------------------
Epoch 760
  Policy steps: 7600
  Experience time: 10.94 mins
  Policy train time: 0.99 mins
  Average return: 0.67454
-------------------
Epoch 770
  Policy steps: 7700
  Experience time: 11.11 mins
  Policy train time: 1.00 mins
  Average return: 0.67730
-------------------
Epoch 780
  Policy steps: 7800
  Experience time: 11.27 mins
  Policy train time: 1.00 mins
  Average return: 0.68041
-------------------
Epoch 790
  Policy steps: 7900
  Experience time: 11.42 mins
  Policy train time: 1.01 mins
  Average return: 0.68348
-------------------
Epoch 800
  Policy steps: 8000
  Experience time: 11.56 mins
  Policy train time: 1.02 mins
  Average return: 0.68674
-------------------
Epoch 810
  Policy steps: 8100
  Experience time: 11.70 mins
  Policy train time: 1.02 mins
  Average return: 0.68874
-------------------
Epoch 820
  Policy steps: 8200
  Experience time: 11.83 mins
  Policy train time: 1.03 mins
  Average return: 0.69225
-------------------
Epoch 830
  Policy steps: 8300
  Experience time: 11.99 mins
  Policy train time: 1.04 mins
  Average return: 0.69717
-------------------
Epoch 840
  Policy steps: 8400
  Experience time: 12.15 mins
  Policy train time: 1.05 mins
  Average return: 0.70079
-------------------
Epoch 850
  Policy steps: 8500
  Experience time: 12.30 mins
  Policy train time: 1.05 mins
  Average return: 0.70318
-------------------
Epoch 860
  Policy steps: 8600
  Experience time: 12.46 mins
  Policy train time: 1.06 mins
  Average return: 0.70550
-------------------
Epoch 870
  Policy steps: 8700
  Experience time: 12.61 mins
  Policy train time: 1.07 mins
  Average return: 0.70657
-------------------
Epoch 880
  Policy steps: 8800
  Experience time: 12.76 mins
  Policy train time: 1.07 mins
  Average return: 0.71108
-------------------
Epoch 890
  Policy steps: 8900
  Experience time: 12.89 mins
  Policy train time: 1.08 mins
  Average return: 0.71335
-------------------
Epoch 900
  Policy steps: 9000
  Experience time: 13.02 mins
  Policy train time: 1.09 mins
  Average return: 0.71630
-------------------
Epoch 910
  Policy steps: 9100
  Experience time: 13.15 mins
  Policy train time: 1.09 mins
  Average return: 0.71743
-------------------
Epoch 920
  Policy steps: 9200
  Experience time: 13.28 mins
  Policy train time: 1.10 mins
  Average return: 0.72283
-------------------
Epoch 930
  Policy steps: 9300
  Experience time: 13.41 mins
  Policy train time: 1.11 mins
  Average return: 0.72553
-------------------
Epoch 940
  Policy steps: 9400
  Experience time: 13.54 mins
  Policy train time: 1.12 mins
  Average return: 0.73112
-------------------
Epoch 950
  Policy steps: 9500
  Experience time: 13.66 mins
  Policy train time: 1.12 mins
  Average return: 0.73703
-------------------
Epoch 960
  Policy steps: 9600
  Experience time: 13.81 mins
  Policy train time: 1.13 mins
  Average return: 0.73916
-------------------
Epoch 970
  Policy steps: 9700
  Experience time: 13.97 mins
  Policy train time: 1.14 mins
  Average return: 0.74062
-------------------
Epoch 980
  Policy steps: 9800
  Experience time: 14.12 mins
  Policy train time: 1.14 mins
  Average return: 0.74698
-------------------
Epoch 990
  Policy steps: 9900
  Experience time: 14.26 mins
  Policy train time: 1.15 mins
  Average return: 0.75267
-------------------
Epoch 1000
  Policy steps: 10000
  Experience time: 14.39 mins
  Policy train time: 1.16 mins
  Average return: 0.75646
-------------------
Epoch 1010
  Policy steps: 10100
  Experience time: 14.52 mins
  Policy train time: 1.17 mins
  Average return: 0.76031
-------------------
Epoch 1020
  Policy steps: 10200
  Experience time: 14.65 mins
  Policy train time: 1.17 mins
  Average return: 0.76412
-------------------
Epoch 1030
  Policy steps: 10300
  Experience time: 14.78 mins
  Policy train time: 1.18 mins
  Average return: 0.76667
-------------------
Epoch 1040
  Policy steps: 10400
  Experience time: 14.90 mins
  Policy train time: 1.19 mins
  Average return: 0.77026
-------------------
Epoch 1050
  Policy steps: 10500
  Experience time: 15.03 mins
  Policy train time: 1.19 mins
  Average return: 0.77902
-------------------
Epoch 1060
  Policy steps: 10600
  Experience time: 15.16 mins
  Policy train time: 1.20 mins
  Average return: 0.78304
-------------------
Epoch 1070
  Policy steps: 10700
  Experience time: 15.29 mins
  Policy train time: 1.21 mins
  Average return: 0.78959
-------------------
Epoch 1080
  Policy steps: 10800
  Experience time: 15.41 mins
  Policy train time: 1.21 mins
  Average return: 0.79474
-------------------
Epoch 1090
  Policy steps: 10900
  Experience time: 15.56 mins
  Policy train time: 1.22 mins
  Average return: 0.80452
-------------------
Epoch 1100
  Policy steps: 11000
  Experience time: 15.71 mins
  Policy train time: 1.23 mins
  Average return: 0.81151
-------------------
Epoch 1110
  Policy steps: 11100
  Experience time: 15.86 mins
  Policy train time: 1.23 mins
  Average return: 0.81866
-------------------
Epoch 1120
  Policy steps: 11200
  Experience time: 16.01 mins
  Policy train time: 1.24 mins
  Average return: 0.82371
-------------------
Epoch 1130
  Policy steps: 11300
  Experience time: 16.16 mins
  Policy train time: 1.25 mins
  Average return: 0.83092
-------------------
Epoch 1140
  Policy steps: 11400
  Experience time: 16.31 mins
  Policy train time: 1.26 mins
  Average return: 0.83978
-------------------
Epoch 1150
  Policy steps: 11500
  Experience time: 16.46 mins
  Policy train time: 1.26 mins
  Average return: 0.84451
-------------------
Epoch 1160
  Policy steps: 11600
  Experience time: 16.61 mins
  Policy train time: 1.27 mins
  Average return: 0.85076
-------------------
Epoch 1170
  Policy steps: 11700
  Experience time: 16.76 mins
  Policy train time: 1.28 mins
  Average return: 0.85490
-------------------
Epoch 1180
  Policy steps: 11800
  Experience time: 16.90 mins
  Policy train time: 1.28 mins
  Average return: 0.86193
-------------------
Epoch 1190
  Policy steps: 11900
  Experience time: 17.05 mins
  Policy train time: 1.29 mins
  Average return: 0.86528
-------------------
Epoch 1200
  Policy steps: 12000
  Experience time: 17.20 mins
  Policy train time: 1.30 mins
  Average return: 0.87592
-------------------
Epoch 1210
  Policy steps: 12100
  Experience time: 17.35 mins
  Policy train time: 1.30 mins
  Average return: 0.87955
-------------------
Epoch 1220
  Policy steps: 12200
  Experience time: 17.50 mins
  Policy train time: 1.31 mins
  Average return: 0.88806
-------------------
Epoch 1230
  Policy steps: 12300
  Experience time: 17.65 mins
  Policy train time: 1.32 mins
  Average return: 0.90043
-------------------
Epoch 1240
  Policy steps: 12400
  Experience time: 17.80 mins
  Policy train time: 1.33 mins
  Average return: 0.90352
-------------------
Epoch 1250
  Policy steps: 12500
  Experience time: 17.95 mins
  Policy train time: 1.33 mins
  Average return: 0.90904
-------------------
Epoch 1260
  Policy steps: 12600
  Experience time: 18.10 mins
  Policy train time: 1.34 mins
  Average return: 0.90935
-------------------
Epoch 1270
  Policy steps: 12700
  Experience time: 18.25 mins
  Policy train time: 1.35 mins
  Average return: 0.91275
-------------------
Epoch 1280
  Policy steps: 12800
  Experience time: 18.40 mins
  Policy train time: 1.35 mins
  Average return: 0.91937
-------------------
Epoch 1290
  Policy steps: 12900
  Experience time: 18.55 mins
  Policy train time: 1.36 mins
  Average return: 0.92685
-------------------
Epoch 1300
  Policy steps: 13000
  Experience time: 18.70 mins
  Policy train time: 1.37 mins
  Average return: 0.93150
-------------------
Epoch 1310
  Policy steps: 13100
  Experience time: 18.85 mins
  Policy train time: 1.37 mins
  Average return: 0.93542
-------------------
Epoch 1320
  Policy steps: 13200
  Experience time: 18.99 mins
  Policy train time: 1.38 mins
  Average return: 0.93784
-------------------
Epoch 1330
  Policy steps: 13300
  Experience time: 19.14 mins
  Policy train time: 1.39 mins
  Average return: 0.94446
-------------------
Epoch 1340
  Policy steps: 13400
  Experience time: 19.28 mins
  Policy train time: 1.39 mins
  Average return: 0.94422
-------------------
Epoch 1350
  Policy steps: 13500
  Experience time: 19.40 mins
  Policy train time: 1.40 mins
  Average return: 0.95056
-------------------
Epoch 1360
  Policy steps: 13600
  Experience time: 19.52 mins
  Policy train time: 1.41 mins
  Average return: 0.95892
-------------------
Epoch 1370
  Policy steps: 13700
  Experience time: 19.65 mins
  Policy train time: 1.41 mins
  Average return: 0.96613
-------------------
Epoch 1380
  Policy steps: 13800
  Experience time: 19.77 mins
  Policy train time: 1.42 mins
  Average return: 0.96199
-------------------
Epoch 1390
  Policy steps: 13900
  Experience time: 19.90 mins
  Policy train time: 1.43 mins
  Average return: 0.96208
-------------------
Epoch 1400
  Policy steps: 14000
  Experience time: 20.02 mins
  Policy train time: 1.44 mins
  Average return: 0.97104
-------------------
Epoch 1410
  Policy steps: 14100
  Experience time: 20.35 mins
  Policy train time: 1.44 mins
  Average return: 0.98003
-------------------
Epoch 1420
  Policy steps: 14200
  Experience time: 20.49 mins
  Policy train time: 1.45 mins
  Average return: 0.98351
-------------------
Epoch 1430
  Policy steps: 14300
  Experience time: 20.63 mins
  Policy train time: 1.46 mins
  Average return: 0.98549
-------------------
Epoch 1440
  Policy steps: 14400
  Experience time: 20.77 mins
  Policy train time: 1.46 mins
  Average return: 0.98852
-------------------
Epoch 1450
  Policy steps: 14500
  Experience time: 20.91 mins
  Policy train time: 1.47 mins
  Average return: 0.99470
-------------------
Epoch 1460
  Policy steps: 14600
  Experience time: 21.05 mins
  Policy train time: 1.48 mins
  Average return: 0.99540
-------------------
Epoch 1470
  Policy steps: 14700
  Experience time: 21.19 mins
  Policy train time: 1.49 mins
  Average return: 0.99950
-------------------
Epoch 1480
  Policy steps: 14800
  Experience time: 21.33 mins
  Policy train time: 1.49 mins
  Average return: 1.00313
-------------------
Epoch 1490
  Policy steps: 14900
  Experience time: 21.47 mins
  Policy train time: 1.50 mins
  Average return: 1.00826
-------------------
Epoch 1500
  Policy steps: 15000
  Experience time: 21.61 mins
  Policy train time: 1.51 mins
  Average return: 1.00885
-------------------
Epoch 1510
  Policy steps: 15100
  Experience time: 21.75 mins
  Policy train time: 1.51 mins
  Average return: 1.00926
-------------------
Epoch 1520
  Policy steps: 15200
  Experience time: 21.89 mins
  Policy train time: 1.52 mins
  Average return: 1.01358
-------------------
Epoch 1530
  Policy steps: 15300
  Experience time: 22.03 mins
  Policy train time: 1.53 mins
  Average return: 1.01548
-------------------
Epoch 1540
  Policy steps: 15400
  Experience time: 22.17 mins
  Policy train time: 1.53 mins
  Average return: 1.01649
-------------------
Epoch 1550
  Policy steps: 15500
  Experience time: 22.30 mins
  Policy train time: 1.54 mins
  Average return: 1.01601
-------------------
Epoch 1560
  Policy steps: 15600
  Experience time: 22.44 mins
  Policy train time: 1.55 mins
  Average return: 1.01926
-------------------
Epoch 1570
  Policy steps: 15700
  Experience time: 22.58 mins
  Policy train time: 1.55 mins
  Average return: 1.01929
-------------------
Epoch 1580
  Policy steps: 15800
  Experience time: 22.72 mins
  Policy train time: 1.56 mins
  Average return: 1.02013
-------------------
Epoch 1590
  Policy steps: 15900
  Experience time: 22.86 mins
  Policy train time: 1.57 mins
  Average return: 1.02153
-------------------
Epoch 1600
  Policy steps: 16000
  Experience time: 23.00 mins
  Policy train time: 1.58 mins
  Average return: 1.02111
-------------------
Epoch 1610
  Policy steps: 16100
  Experience time: 23.14 mins
  Policy train time: 1.58 mins
  Average return: 1.02149
-------------------
Epoch 1620
  Policy steps: 16200
  Experience time: 23.27 mins
  Policy train time: 1.59 mins
  Average return: 1.02306
-------------------
Epoch 1630
  Policy steps: 16300
  Experience time: 23.41 mins
  Policy train time: 1.60 mins
  Average return: 1.02210
-------------------
Epoch 1640
  Policy steps: 16400
  Experience time: 23.55 mins
  Policy train time: 1.60 mins
  Average return: 1.02437
-------------------
Epoch 1650
  Policy steps: 16500
  Experience time: 23.69 mins
  Policy train time: 1.61 mins
  Average return: 1.02549
-------------------
Epoch 1660
  Policy steps: 16600
  Experience time: 23.83 mins
  Policy train time: 1.62 mins
  Average return: 1.02460
-------------------
Epoch 1670
  Policy steps: 16700
  Experience time: 23.97 mins
  Policy train time: 1.63 mins
  Average return: 1.02490
-------------------
Epoch 1680
  Policy steps: 16800
  Experience time: 24.11 mins
  Policy train time: 1.63 mins
  Average return: 1.02676
-------------------
Epoch 1690
  Policy steps: 16900
  Experience time: 24.24 mins
  Policy train time: 1.64 mins
  Average return: 1.02482
-------------------
Epoch 1700
  Policy steps: 17000
  Experience time: 24.38 mins
  Policy train time: 1.65 mins
  Average return: 1.02550
-------------------
Epoch 1710
  Policy steps: 17100
  Experience time: 24.52 mins
  Policy train time: 1.65 mins
  Average return: 1.02463
-------------------
Epoch 1720
  Policy steps: 17200
  Experience time: 24.66 mins
  Policy train time: 1.66 mins
  Average return: 1.02364
-------------------
Epoch 1730
  Policy steps: 17300
  Experience time: 24.80 mins
  Policy train time: 1.67 mins
  Average return: 1.02446
-------------------
Epoch 1740
  Policy steps: 17400
  Experience time: 24.94 mins
  Policy train time: 1.67 mins
  Average return: 1.02585
-------------------
Epoch 1750
  Policy steps: 17500
  Experience time: 25.07 mins
  Policy train time: 1.68 mins
  Average return: 1.02463
-------------------
Epoch 1760
  Policy steps: 17600
  Experience time: 25.21 mins
  Policy train time: 1.69 mins
  Average return: 1.02595
-------------------
Epoch 1770
  Policy steps: 17700
  Experience time: 25.35 mins
  Policy train time: 1.69 mins
  Average return: 1.02598
-------------------
Epoch 1780
  Policy steps: 17800
  Experience time: 25.49 mins
  Policy train time: 1.70 mins
  Average return: 1.02614
-------------------
Epoch 1790
  Policy steps: 17900
  Experience time: 25.63 mins
  Policy train time: 1.71 mins
  Average return: 1.02643
-------------------
Epoch 1800
  Policy steps: 18000
  Experience time: 25.76 mins
  Policy train time: 1.71 mins
  Average return: 1.02446
-------------------
Epoch 1810
  Policy steps: 18100
  Experience time: 25.90 mins
  Policy train time: 1.72 mins
  Average return: 1.02731
-------------------
Epoch 1820
  Policy steps: 18200
  Experience time: 26.04 mins
  Policy train time: 1.73 mins
  Average return: 1.02717
-------------------
Epoch 1830
  Policy steps: 18300
  Experience time: 26.18 mins
  Policy train time: 1.74 mins
  Average return: 1.02782
-------------------
Epoch 1840
  Policy steps: 18400
  Experience time: 26.32 mins
  Policy train time: 1.74 mins
  Average return: 1.02749
-------------------
Epoch 1850
  Policy steps: 18500
  Experience time: 26.45 mins
  Policy train time: 1.75 mins
  Average return: 1.02911
-------------------
Epoch 1860
  Policy steps: 18600
  Experience time: 26.59 mins
  Policy train time: 1.76 mins
  Average return: 1.02540
-------------------
Epoch 1870
  Policy steps: 18700
  Experience time: 26.73 mins
  Policy train time: 1.76 mins
  Average return: 1.02648
-------------------
Epoch 1880
  Policy steps: 18800
  Experience time: 26.87 mins
  Policy train time: 1.77 mins
  Average return: 1.02834
-------------------
Epoch 1890
  Policy steps: 18900
  Experience time: 27.01 mins
  Policy train time: 1.78 mins
  Average return: 1.02883
-------------------
Epoch 1900
  Policy steps: 19000
  Experience time: 27.14 mins
  Policy train time: 1.78 mins
  Average return: 1.02598
-------------------
Epoch 1910
  Policy steps: 19100
  Experience time: 27.28 mins
  Policy train time: 1.79 mins
  Average return: 1.02771
-------------------
Epoch 1920
  Policy steps: 19200
  Experience time: 27.42 mins
  Policy train time: 1.80 mins
  Average return: 1.02550
-------------------
Epoch 1930
  Policy steps: 19300
  Experience time: 27.56 mins
  Policy train time: 1.81 mins
  Average return: 1.02678
-------------------
Epoch 1940
  Policy steps: 19400
  Experience time: 27.70 mins
  Policy train time: 1.81 mins
  Average return: 1.02762
-------------------
Epoch 1950
  Policy steps: 19500
  Experience time: 27.84 mins
  Policy train time: 1.82 mins
  Average return: 1.02882
-------------------
Epoch 1960
  Policy steps: 19600
  Experience time: 27.98 mins
  Policy train time: 1.83 mins
  Average return: 1.02818
-------------------
Epoch 1970
  Policy steps: 19700
  Experience time: 28.12 mins
  Policy train time: 1.83 mins
  Average return: 1.02882
-------------------
Epoch 1980
  Policy steps: 19800
  Experience time: 28.26 mins
  Policy train time: 1.84 mins
  Average return: 1.02808
-------------------
Epoch 1990
  Policy steps: 19900
  Experience time: 28.39 mins
  Policy train time: 1.85 mins
  Average return: 1.02845
-------------------
Epoch 2000
  Policy steps: 20000
  Experience time: 28.53 mins
  Policy train time: 1.85 mins
  Average return: 1.02879
-------------------
Epoch 2010
  Policy steps: 20100
  Experience time: 28.67 mins
  Policy train time: 1.86 mins
  Average return: 1.02922
-------------------
Epoch 2020
  Policy steps: 20200
  Experience time: 28.81 mins
  Policy train time: 1.87 mins
  Average return: 1.02826
-------------------
Epoch 2030
  Policy steps: 20300
  Experience time: 28.95 mins
  Policy train time: 1.87 mins
  Average return: 1.02794
-------------------
Epoch 2040
  Policy steps: 20400
  Experience time: 29.09 mins
  Policy train time: 1.88 mins
  Average return: 1.02815
-------------------
Epoch 2050
  Policy steps: 20500
  Experience time: 29.22 mins
  Policy train time: 1.89 mins
  Average return: 1.02614
-------------------
Epoch 2060
  Policy steps: 20600
  Experience time: 29.36 mins
  Policy train time: 1.90 mins
  Average return: 1.03039
-------------------
Epoch 2070
  Policy steps: 20700
  Experience time: 29.50 mins
  Policy train time: 1.90 mins
  Average return: 1.02845
-------------------
Epoch 2080
  Policy steps: 20800
  Experience time: 29.64 mins
  Policy train time: 1.91 mins
  Average return: 1.02789
-------------------
Epoch 2090
  Policy steps: 20900
  Experience time: 29.78 mins
  Policy train time: 1.92 mins
  Average return: 1.02748
-------------------
Epoch 2100
  Policy steps: 21000
  Experience time: 29.92 mins
  Policy train time: 1.92 mins
  Average return: 1.02704
-------------------
Epoch 2110
  Policy steps: 21100
  Experience time: 30.05 mins
  Policy train time: 1.93 mins
  Average return: 1.02801
-------------------
Epoch 2120
  Policy steps: 21200
  Experience time: 30.19 mins
  Policy train time: 1.94 mins
  Average return: 1.02586
-------------------
Epoch 2130
  Policy steps: 21300
  Experience time: 30.33 mins
  Policy train time: 1.94 mins
  Average return: 1.02718
-------------------
Epoch 2140
  Policy steps: 21400
  Experience time: 30.47 mins
  Policy train time: 1.95 mins
  Average return: 1.02978
-------------------
Epoch 2150
  Policy steps: 21500
  Experience time: 30.61 mins
  Policy train time: 1.96 mins
  Average return: 1.02898
-------------------
Epoch 2160
  Policy steps: 21600
  Experience time: 30.75 mins
  Policy train time: 1.97 mins
  Average return: 1.02815
-------------------
Epoch 2170
  Policy steps: 21700
  Experience time: 30.89 mins
  Policy train time: 1.97 mins
  Average return: 1.02673
-------------------
Epoch 2180
  Policy steps: 21800
  Experience time: 31.03 mins
  Policy train time: 1.98 mins
  Average return: 1.02817
-------------------
Epoch 2190
  Policy steps: 21900
  Experience time: 31.16 mins
  Policy train time: 1.99 mins
  Average return: 1.02679
-------------------
Epoch 2200
  Policy steps: 22000
  Experience time: 31.30 mins
  Policy train time: 1.99 mins
  Average return: 1.02646
-------------------
Epoch 2210
  Policy steps: 22100
  Experience time: 31.44 mins
  Policy train time: 2.00 mins
  Average return: 1.02789
-------------------
Epoch 2220
  Policy steps: 22200
  Experience time: 31.58 mins
  Policy train time: 2.01 mins
  Average return: 1.02962
-------------------
Epoch 2230
  Policy steps: 22300
  Experience time: 31.72 mins
  Policy train time: 2.02 mins
  Average return: 1.02822
-------------------
Epoch 2240
  Policy steps: 22400
  Experience time: 31.86 mins
  Policy train time: 2.02 mins
  Average return: 1.02790
-------------------
Epoch 2250
  Policy steps: 22500
  Experience time: 32.00 mins
  Policy train time: 2.03 mins
  Average return: 1.02684
-------------------
Epoch 2260
  Policy steps: 22600
  Experience time: 32.13 mins
  Policy train time: 2.04 mins
  Average return: 1.02861
-------------------
Epoch 2270
  Policy steps: 22700
  Experience time: 32.27 mins
  Policy train time: 2.04 mins
  Average return: 1.02893
-------------------
Epoch 2280
  Policy steps: 22800
  Experience time: 32.41 mins
  Policy train time: 2.05 mins
  Average return: 1.02859
-------------------
Epoch 2290
  Policy steps: 22900
  Experience time: 32.55 mins
  Policy train time: 2.06 mins
  Average return: 1.02781
-------------------
Epoch 2300
  Policy steps: 23000
  Experience time: 32.69 mins
  Policy train time: 2.06 mins
  Average return: 1.02622
-------------------
Epoch 2310
  Policy steps: 23100
  Experience time: 32.83 mins
  Policy train time: 2.07 mins
  Average return: 1.02769
-------------------
Epoch 2320
  Policy steps: 23200
  Experience time: 32.97 mins
  Policy train time: 2.08 mins
  Average return: 1.02937
-------------------
Epoch 2330
  Policy steps: 23300
  Experience time: 33.10 mins
  Policy train time: 2.09 mins
  Average return: 1.02785
-------------------
Epoch 2340
  Policy steps: 23400
  Experience time: 33.24 mins
  Policy train time: 2.09 mins
  Average return: 1.02739
-------------------
Epoch 2350
  Policy steps: 23500
  Experience time: 33.38 mins
  Policy train time: 2.10 mins
  Average return: 1.02863
-------------------
Epoch 2360
  Policy steps: 23600
  Experience time: 33.52 mins
  Policy train time: 2.11 mins
  Average return: 1.02687
-------------------
Epoch 2370
  Policy steps: 23700
  Experience time: 33.66 mins
  Policy train time: 2.11 mins
  Average return: 1.02790
-------------------
Epoch 2380
  Policy steps: 23800
  Experience time: 33.80 mins
  Policy train time: 2.12 mins
  Average return: 1.02794
-------------------
Epoch 2390
  Policy steps: 23900
  Experience time: 33.93 mins
  Policy train time: 2.13 mins
  Average return: 1.02912
-------------------
Epoch 2400
  Policy steps: 24000
  Experience time: 34.07 mins
  Policy train time: 2.13 mins
  Average return: 1.02855
-------------------
Epoch 2410
  Policy steps: 24100
  Experience time: 34.21 mins
  Policy train time: 2.14 mins
  Average return: 1.02966
-------------------
Epoch 2420
  Policy steps: 24200
  Experience time: 34.35 mins
  Policy train time: 2.15 mins
  Average return: 1.02862
-------------------
Epoch 2430
  Policy steps: 24300
  Experience time: 34.49 mins
  Policy train time: 2.16 mins
  Average return: 1.02864
-------------------
Epoch 2440
  Policy steps: 24400
  Experience time: 34.63 mins
  Policy train time: 2.16 mins
  Average return: 1.02838
-------------------
Epoch 2450
  Policy steps: 24500
  Experience time: 34.77 mins
  Policy train time: 2.17 mins
  Average return: 1.02892
-------------------
Epoch 2460
  Policy steps: 24600
  Experience time: 34.91 mins
  Policy train time: 2.18 mins
  Average return: 1.02777
-------------------
Epoch 2470
  Policy steps: 24700
  Experience time: 35.05 mins
  Policy train time: 2.18 mins
  Average return: 1.02765
-------------------
Epoch 2480
  Policy steps: 24800
  Experience time: 35.19 mins
  Policy train time: 2.19 mins
  Average return: 1.02658
-------------------
Epoch 2490
  Policy steps: 24900
  Experience time: 35.33 mins
  Policy train time: 2.20 mins
  Average return: 1.02716
-------------------
Epoch 2500
  Policy steps: 25000
  Experience time: 35.47 mins
  Policy train time: 2.20 mins
  Average return: 1.02719
-------------------
Epoch 2510
  Policy steps: 25100
  Experience time: 35.60 mins
  Policy train time: 2.21 mins
  Average return: 1.02965
-------------------
Epoch 2520
  Policy steps: 25200
  Experience time: 35.74 mins
  Policy train time: 2.22 mins
  Average return: 1.03012
-------------------
Epoch 2530
  Policy steps: 25300
  Experience time: 35.88 mins
  Policy train time: 2.22 mins
  Average return: 1.02938
-------------------
Epoch 2540
  Policy steps: 25400
  Experience time: 36.02 mins
  Policy train time: 2.23 mins
  Average return: 1.02931
-------------------
Epoch 2550
  Policy steps: 25500
  Experience time: 36.16 mins
  Policy train time: 2.24 mins
  Average return: 1.02797
-------------------
Epoch 2560
  Policy steps: 25600
  Experience time: 36.30 mins
  Policy train time: 2.24 mins
  Average return: 1.02866
-------------------
Epoch 2570
  Policy steps: 25700
  Experience time: 36.43 mins
  Policy train time: 2.25 mins
  Average return: 1.02751
-------------------
Epoch 2580
  Policy steps: 25800
  Experience time: 36.57 mins
  Policy train time: 2.26 mins
  Average return: 1.02908
-------------------
Epoch 2590
  Policy steps: 25900
  Experience time: 36.71 mins
  Policy train time: 2.27 mins
  Average return: 1.02862
-------------------
Epoch 2600
  Policy steps: 26000
  Experience time: 36.85 mins
  Policy train time: 2.27 mins
  Average return: 1.03005
-------------------
Epoch 2610
  Policy steps: 26100
  Experience time: 36.99 mins
  Policy train time: 2.28 mins
  Average return: 1.02899
-------------------
Epoch 2620
  Policy steps: 26200
  Experience time: 37.13 mins
  Policy train time: 2.29 mins
  Average return: 1.02880
-------------------
Epoch 2630
  Policy steps: 26300
  Experience time: 37.26 mins
  Policy train time: 2.29 mins
  Average return: 1.02798
-------------------
Epoch 2640
  Policy steps: 26400
  Experience time: 37.40 mins
  Policy train time: 2.30 mins
  Average return: 1.02969
-------------------
Epoch 2650
  Policy steps: 26500
  Experience time: 37.54 mins
  Policy train time: 2.31 mins
  Average return: 1.02989
-------------------
Epoch 2660
  Policy steps: 26600
  Experience time: 37.68 mins
  Policy train time: 2.31 mins
  Average return: 1.02854
-------------------
Epoch 2670
  Policy steps: 26700
  Experience time: 37.82 mins
  Policy train time: 2.32 mins
  Average return: 1.02932
-------------------
Epoch 2680
  Policy steps: 26800
  Experience time: 37.96 mins
  Policy train time: 2.33 mins
  Average return: 1.02836
-------------------
Epoch 2690
  Policy steps: 26900
  Experience time: 38.10 mins
  Policy train time: 2.34 mins
  Average return: 1.02733
-------------------
Epoch 2700
  Policy steps: 27000
  Experience time: 38.23 mins
  Policy train time: 2.34 mins
  Average return: 1.02817
-------------------
Epoch 2710
  Policy steps: 27100
  Experience time: 38.37 mins
  Policy train time: 2.35 mins
  Average return: 1.02881
-------------------
Epoch 2720
  Policy steps: 27200
  Experience time: 38.51 mins
  Policy train time: 2.36 mins
  Average return: 1.02894
-------------------
Epoch 2730
  Policy steps: 27300
  Experience time: 38.65 mins
  Policy train time: 2.36 mins
  Average return: 1.02777
-------------------
Epoch 2740
  Policy steps: 27400
  Experience time: 38.79 mins
  Policy train time: 2.37 mins
  Average return: 1.02777
-------------------
Epoch 2750
  Policy steps: 27500
  Experience time: 38.93 mins
  Policy train time: 2.38 mins
  Average return: 1.02858
-------------------
Epoch 2760
  Policy steps: 27600
  Experience time: 39.06 mins
  Policy train time: 2.39 mins
  Average return: 1.02819
-------------------
Epoch 2770
  Policy steps: 27700
  Experience time: 39.20 mins
  Policy train time: 2.39 mins
  Average return: 1.02792
-------------------
Epoch 2780
  Policy steps: 27800
  Experience time: 39.34 mins
  Policy train time: 2.40 mins
  Average return: 1.02811
-------------------
Epoch 2790
  Policy steps: 27900
  Experience time: 39.48 mins
  Policy train time: 2.41 mins
  Average return: 1.02713
-------------------
Epoch 2800
  Policy steps: 28000
  Experience time: 39.62 mins
  Policy train time: 2.41 mins
  Average return: 1.02741
-------------------
Epoch 2810
  Policy steps: 28100
  Experience time: 39.75 mins
  Policy train time: 2.42 mins
  Average return: 1.02953
-------------------
Epoch 2820
  Policy steps: 28200
  Experience time: 39.89 mins
  Policy train time: 2.43 mins
  Average return: 1.02909
-------------------
Epoch 2830
  Policy steps: 28300
  Experience time: 40.03 mins
  Policy train time: 2.44 mins
  Average return: 1.02901
-------------------
Epoch 2840
  Policy steps: 28400
  Experience time: 40.17 mins
  Policy train time: 2.44 mins
  Average return: 1.02891
-------------------
Epoch 2850
  Policy steps: 28500
  Experience time: 40.31 mins
  Policy train time: 2.45 mins
  Average return: 1.02929
-------------------
Epoch 2860
  Policy steps: 28600
  Experience time: 40.45 mins
  Policy train time: 2.46 mins
  Average return: 1.02941
-------------------
Epoch 2870
  Policy steps: 28700
  Experience time: 40.58 mins
  Policy train time: 2.46 mins
  Average return: 1.02850
-------------------
Epoch 2880
  Policy steps: 28800
  Experience time: 40.72 mins
  Policy train time: 2.47 mins
  Average return: 1.02868
-------------------
Epoch 2890
  Policy steps: 28900
  Experience time: 40.86 mins
  Policy train time: 2.48 mins
  Average return: 1.02941
-------------------
Epoch 2900
  Policy steps: 29000
  Experience time: 41.00 mins
  Policy train time: 2.48 mins
  Average return: 1.02721
-------------------
Epoch 2910
  Policy steps: 29100
  Experience time: 41.14 mins
  Policy train time: 2.49 mins
  Average return: 1.02772
-------------------
Epoch 2920
  Policy steps: 29200
  Experience time: 41.27 mins
  Policy train time: 2.50 mins
  Average return: 1.02899
-------------------
Epoch 2930
  Policy steps: 29300
  Experience time: 41.41 mins
  Policy train time: 2.50 mins
  Average return: 1.02853
-------------------
Epoch 2940
  Policy steps: 29400
  Experience time: 41.55 mins
  Policy train time: 2.51 mins
  Average return: 1.02947
-------------------
Epoch 2950
  Policy steps: 29500
  Experience time: 41.69 mins
  Policy train time: 2.52 mins
  Average return: 1.02853
-------------------
Epoch 2960
  Policy steps: 29600
  Experience time: 41.83 mins
  Policy train time: 2.52 mins
  Average return: 1.02757
-------------------
Epoch 2970
  Policy steps: 29700
  Experience time: 41.97 mins
  Policy train time: 2.53 mins
  Average return: 1.02899
-------------------
Epoch 2980
  Policy steps: 29800
  Experience time: 42.11 mins
  Policy train time: 2.54 mins
  Average return: 1.02861
-------------------
Epoch 2990
  Policy steps: 29900
  Experience time: 42.24 mins
  Policy train time: 2.55 mins
  Average return: 1.03003
-------------------
Epoch 3000
  Policy steps: 30000
  Experience time: 42.38 mins
  Policy train time: 2.55 mins
  Average return: 1.02983
-------------------
Epoch 3010
  Policy steps: 30100
  Experience time: 42.52 mins
  Policy train time: 2.56 mins
  Average return: 1.02958
-------------------
Epoch 3020
  Policy steps: 30200
  Experience time: 42.66 mins
  Policy train time: 2.57 mins
  Average return: 1.02881
-------------------
Epoch 3030
  Policy steps: 30300
  Experience time: 42.80 mins
  Policy train time: 2.57 mins
  Average return: 1.02991
-------------------
Epoch 3040
  Policy steps: 30400
  Experience time: 42.93 mins
  Policy train time: 2.58 mins
  Average return: 1.02938
-------------------
Epoch 3050
  Policy steps: 30500
  Experience time: 43.07 mins
  Policy train time: 2.59 mins
  Average return: 1.02944
-------------------
Epoch 3060
  Policy steps: 30600
  Experience time: 43.21 mins
  Policy train time: 2.59 mins
  Average return: 1.02851
-------------------
Epoch 3070
  Policy steps: 30700
  Experience time: 43.35 mins
  Policy train time: 2.60 mins
  Average return: 1.02838
-------------------
Epoch 3080
  Policy steps: 30800
  Experience time: 43.49 mins
  Policy train time: 2.61 mins
  Average return: 1.02886
-------------------
Epoch 3090
  Policy steps: 30900
  Experience time: 43.63 mins
  Policy train time: 2.62 mins
  Average return: 1.02867
-------------------
Epoch 3100
  Policy steps: 31000
  Experience time: 43.76 mins
  Policy train time: 2.62 mins
  Average return: 1.02817
-------------------
Epoch 3110
  Policy steps: 31100
  Experience time: 43.90 mins
  Policy train time: 2.63 mins
  Average return: 1.02917
-------------------
Epoch 3120
  Policy steps: 31200
  Experience time: 44.04 mins
  Policy train time: 2.64 mins
  Average return: 1.02549
-------------------
Epoch 3130
  Policy steps: 31300
  Experience time: 44.18 mins
  Policy train time: 2.64 mins
  Average return: 1.02760
-------------------
Epoch 3140
  Policy steps: 31400
  Experience time: 44.32 mins
  Policy train time: 2.65 mins
  Average return: 1.02740
-------------------
Epoch 3150
  Policy steps: 31500
  Experience time: 44.46 mins
  Policy train time: 2.66 mins
  Average return: 1.02836
-------------------
Epoch 3160
  Policy steps: 31600
  Experience time: 44.60 mins
  Policy train time: 2.66 mins
  Average return: 1.02791
-------------------
Epoch 3170
  Policy steps: 31700
  Experience time: 44.73 mins
  Policy train time: 2.67 mins
  Average return: 1.02878
-------------------
Epoch 3180
  Policy steps: 31800
  Experience time: 44.87 mins
  Policy train time: 2.68 mins
  Average return: 1.02905
-------------------
Epoch 3190
  Policy steps: 31900
  Experience time: 45.01 mins
  Policy train time: 2.69 mins
  Average return: 1.02924
-------------------
Epoch 3200
  Policy steps: 32000
  Experience time: 45.15 mins
  Policy train time: 2.69 mins
  Average return: 1.02800
